[1/9] Performing build step for 'bootloader'
[1/1] cd "/home/isaias/esp-tflite-micro/dog detection/build/bootloader/esp-idf/esptool_py" && /home/isaias/esp/idf-tools/python_env/idf5.3_py3.10_env/bin/python /home/isaias/esp/idf/esp-idf/components/partition_table/check_sizes.py --offset 0x8000 bootloader 0x1000 /home/isaias/esp-tflite-micro/dog\ detection/build/bootloader/bootloader.bin
Bootloader binary size 0x6df0 bytes. 0x210 bytes (2%) free.
[2/7] Building CXX object esp-idf/main/CMakeFiles/__idf_main.dir/detection_responder.cc.obj
FAILED: esp-idf/main/CMakeFiles/__idf_main.dir/detection_responder.cc.obj 
/home/isaias/esp/idf-tools/tools/xtensa-esp-elf/esp-13.2.0_20240305/xtensa-esp-elf/bin/xtensa-esp32-elf-g++ -DESP_PLATFORM -DIDF_VER=\"v5.3-dev-2747-g4f3cd0deb9-dirty\" -DSOC_MMU_PAGE_SIZE=CONFIG_MMU_PAGE_SIZE -DSOC_XTAL_FREQ_MHZ=CONFIG_XTAL_FREQ -D_GLIBCXX_HAVE_POSIX_SEMAPHORE -D_GLIBCXX_USE_POSIX_SEMAPHORE -D_GNU_SOURCE -D_POSIX_READER_WRITER_LOCKS -I"/home/isaias/esp-tflite-micro/dog detection/build/config" -I/home/isaias/esp/idf/esp-idf/components/newlib/platform_include -I/home/isaias/esp/idf/esp-idf/components/freertos/config/include -I/home/isaias/esp/idf/esp-idf/components/freertos/config/include/freertos -I/home/isaias/esp/idf/esp-idf/components/freertos/config/xtensa/include -I/home/isaias/esp/idf/esp-idf/components/freertos/FreeRTOS-Kernel/include -I/home/isaias/esp/idf/esp-idf/components/freertos/FreeRTOS-Kernel/portable/xtensa/include -I/home/isaias/esp/idf/esp-idf/components/freertos/FreeRTOS-Kernel/portable/xtensa/include/freertos -I/home/isaias/esp/idf/esp-idf/components/freertos/esp_additions/include -I/home/isaias/esp/idf/esp-idf/components/esp_hw_support/include -I/home/isaias/esp/idf/esp-idf/components/esp_hw_support/include/soc -I/home/isaias/esp/idf/esp-idf/components/esp_hw_support/include/soc/esp32 -I/home/isaias/esp/idf/esp-idf/components/esp_hw_support/dma/include -I/home/isaias/esp/idf/esp-idf/components/esp_hw_support/port/esp32/. -I/home/isaias/esp/idf/esp-idf/components/esp_hw_support/port/esp32/include -I/home/isaias/esp/idf/esp-idf/components/heap/include -I/home/isaias/esp/idf/esp-idf/components/log/include -I/home/isaias/esp/idf/esp-idf/components/soc/include -I/home/isaias/esp/idf/esp-idf/components/soc/esp32 -I/home/isaias/esp/idf/esp-idf/components/soc/esp32/include -I/home/isaias/esp/idf/esp-idf/components/hal/platform_port/include -I/home/isaias/esp/idf/esp-idf/components/hal/esp32/include -I/home/isaias/esp/idf/esp-idf/components/hal/include -I/home/isaias/esp/idf/esp-idf/components/esp_rom/include -I/home/isaias/esp/idf/esp-idf/components/esp_rom/include/esp32 -I/home/isaias/esp/idf/esp-idf/components/esp_rom/esp32 -I/home/isaias/esp/idf/esp-idf/components/esp_common/include -I/home/isaias/esp/idf/esp-idf/components/esp_system/include -I/home/isaias/esp/idf/esp-idf/components/esp_system/port/soc -I/home/isaias/esp/idf/esp-idf/components/esp_system/port/include/private -I/home/isaias/esp/idf/esp-idf/components/xtensa/esp32/include -I/home/isaias/esp/idf/esp-idf/components/xtensa/include -I/home/isaias/esp/idf/esp-idf/components/xtensa/deprecated_include -I/home/isaias/esp/idf/esp-idf/components/esp_timer/include -I/home/isaias/esp/idf/esp-idf/components/lwip/include -I/home/isaias/esp/idf/esp-idf/components/lwip/include/apps -I/home/isaias/esp/idf/esp-idf/components/lwip/include/apps/sntp -I/home/isaias/esp/idf/esp-idf/components/lwip/lwip/src/include -I/home/isaias/esp/idf/esp-idf/components/lwip/port/include -I/home/isaias/esp/idf/esp-idf/components/lwip/port/freertos/include -I/home/isaias/esp/idf/esp-idf/components/lwip/port/esp32xx/include -I/home/isaias/esp/idf/esp-idf/components/lwip/port/esp32xx/include/arch -I/home/isaias/esp/idf/esp-idf/components/lwip/port/esp32xx/include/sys -I/home/isaias/esp/idf/esp-idf/components/console -I/home/isaias/esp/idf/esp-idf/components/vfs/include -I/home/isaias/esp/idf/esp-idf/components/esp_vfs_console/include -I/home/isaias/esp/idf/esp-idf/components/spi_flash/include -I"/home/isaias/esp-tflite-micro/dog detection/managed_components/espressif__esp-tflite-micro" -I"/home/isaias/esp-tflite-micro/dog detection/managed_components/espressif__esp-tflite-micro/third_party/gemmlowp" -I"/home/isaias/esp-tflite-micro/dog detection/managed_components/espressif__esp-tflite-micro/third_party/flatbuffers/include" -I"/home/isaias/esp-tflite-micro/dog detection/managed_components/espressif__esp-tflite-micro/third_party/ruy" -I"/home/isaias/esp-tflite-micro/dog detection/managed_components/espressif__esp-tflite-micro/third_party/kissfft" -I"/home/isaias/esp-tflite-micro/dog detection/managed_components/espressif__esp-tflite-micro/signal/micro/kernels" -I"/home/isaias/esp-tflite-micro/dog detection/managed_components/espressif__esp-tflite-micro/signal/src" -I"/home/isaias/esp-tflite-micro/dog detection/managed_components/espressif__esp-tflite-micro/signal/src/kiss_fft_wrappers" -I"/home/isaias/esp-tflite-micro/dog detection/managed_components/espressif__esp32-camera/driver/include" -I"/home/isaias/esp-tflite-micro/dog detection/managed_components/espressif__esp32-camera/conversions/include" -I/home/isaias/esp/idf/esp-idf/components/driver/deprecated -I/home/isaias/esp/idf/esp-idf/components/driver/i2c/include -I/home/isaias/esp/idf/esp-idf/components/driver/touch_sensor/include -I/home/isaias/esp/idf/esp-idf/components/driver/twai/include -I/home/isaias/esp/idf/esp-idf/components/driver/touch_sensor/esp32/include -I/home/isaias/esp/idf/esp-idf/components/esp_pm/include -I/home/isaias/esp/idf/esp-idf/components/esp_ringbuf/include -I/home/isaias/esp/idf/esp-idf/components/esp_driver_gpio/include -I/home/isaias/esp/idf/esp-idf/components/esp_driver_pcnt/include -I/home/isaias/esp/idf/esp-idf/components/esp_driver_gptimer/include -I/home/isaias/esp/idf/esp-idf/components/esp_driver_spi/include -I/home/isaias/esp/idf/esp-idf/components/esp_driver_mcpwm/include -I/home/isaias/esp/idf/esp-idf/components/esp_driver_ana_cmpr/include -I/home/isaias/esp/idf/esp-idf/components/esp_driver_i2s/include -I/home/isaias/esp/idf/esp-idf/components/esp_driver_sdmmc/include -I/home/isaias/esp/idf/esp-idf/components/sdmmc/include -I/home/isaias/esp/idf/esp-idf/components/esp_driver_sdspi/include -I/home/isaias/esp/idf/esp-idf/components/esp_driver_sdio/include -I/home/isaias/esp/idf/esp-idf/components/esp_driver_dac/include -I/home/isaias/esp/idf/esp-idf/components/esp_driver_rmt/include -I/home/isaias/esp/idf/esp-idf/components/esp_driver_tsens/include -I/home/isaias/esp/idf/esp-idf/components/esp_driver_sdm/include -I/home/isaias/esp/idf/esp-idf/components/esp_driver_i2c/include -I/home/isaias/esp/idf/esp-idf/components/esp_driver_uart/include -I/home/isaias/esp/idf/esp-idf/components/esp_driver_ledc/include -I/home/isaias/esp/idf/esp-idf/components/esp_driver_parlio/include -I/home/isaias/esp/idf/esp-idf/components/esp_driver_usb_serial_jtag/include -mlongcalls -Wno-frame-address  -fno-builtin-memcpy -fno-builtin-memset -fno-builtin-bzero -fno-builtin-stpcpy -fno-builtin-strncpy -ffunction-sections -fdata-sections -Wall -Werror=all -Wno-error=unused-function -Wno-error=unused-variable -Wno-error=unused-but-set-variable -Wno-error=deprecated-declarations -Wextra -Wno-unused-parameter -Wno-sign-compare -Wno-enum-conversion -gdwarf-4 -ggdb -mdisable-hardware-atomics -mfix-esp32-psram-cache-issue -mfix-esp32-psram-cache-strategy=memw -O2 "-fmacro-prefix-map=/home/isaias/esp-tflite-micro/dog detection=." -fmacro-prefix-map=/home/isaias/esp/idf/esp-idf=/IDF -fstrict-volatile-bitfields -fno-jump-tables -fno-tree-switch-conversion -std=gnu++2b -fno-exceptions -fno-rtti -DTF_LITE_STATIC_MEMORY -MD -MT esp-idf/main/CMakeFiles/__idf_main.dir/detection_responder.cc.obj -MF esp-idf/main/CMakeFiles/__idf_main.dir/detection_responder.cc.obj.d -o esp-idf/main/CMakeFiles/__idf_main.dir/detection_responder.cc.obj -c '/home/isaias/esp-tflite-micro/dog detection/main/detection_responder.cc'
In file included from /home/isaias/esp-tflite-micro/dog detection/main/detection_responder.cc:7:
/home/isaias/esp/idf/esp-idf/components/driver/deprecated/driver/mcpwm.h:15:2: warning: #warning "legacy MCPWM driver is deprecated, please migrate to the new driver (include driver/mcpwm_prelude.h)" [-Wcpp]
   15 | #warning "legacy MCPWM driver is deprecated, please migrate to the new driver (include driver/mcpwm_prelude.h)"
      |  ^~~~~~~
/home/isaias/esp-tflite-micro/dog detection/main/detection_responder.cc:13:1: error: 'mcpwm_comparator_handle_t' does not name a type
   13 | mcpwm_comparator_handle_t comparator;
      | ^~~~~~~~~~~~~~~~~~~~~~~~~
/home/isaias/esp-tflite-micro/dog detection/main/detection_responder.cc: In function 'void setup_mcpwm()':
/home/isaias/esp-tflite-micro/dog detection/main/detection_responder.cc:25:5: error: 'mcpwm_timer_handle_t' was not declared in this scope; did you mean 'esp_timer_handle_t'?
   25 |     mcpwm_timer_handle_t timer = NULL;
      |     ^~~~~~~~~~~~~~~~~~~~
      |     esp_timer_handle_t
/home/isaias/esp-tflite-micro/dog detection/main/detection_responder.cc:26:5: error: 'mcpwm_operator_handle_t' was not declared in this scope; did you mean 'mcpwm_operator_t'?
   26 |     mcpwm_operator_handle_t operator = NULL;
      |     ^~~~~~~~~~~~~~~~~~~~~~~
      |     mcpwm_operator_t
/home/isaias/esp-tflite-micro/dog detection/main/detection_responder.cc:27:5: error: 'mcpwm_timer_config_t' was not declared in this scope; did you mean 'mcpwm_pin_config_t'?
   27 |     mcpwm_timer_config_t timer_config = {
      |     ^~~~~~~~~~~~~~~~~~~~
      |     mcpwm_pin_config_t
In file included from /home/isaias/esp/idf/esp-idf/components/esp_hw_support/include/esp_intr_alloc.h:12,
                 from /home/isaias/esp/idf/esp-idf/components/esp_hw_support/include/esp_cpu.h:20,
                 from /home/isaias/esp/idf/esp-idf/components/esp_hw_support/include/spinlock.h:11,
                 from /home/isaias/esp/idf/esp-idf/components/freertos/FreeRTOS-Kernel/portable/xtensa/include/freertos/portmacro.h:49,
                 from /home/isaias/esp/idf/esp-idf/components/freertos/FreeRTOS-Kernel/include/freertos/portable.h:57,
                 from /home/isaias/esp/idf/esp-idf/components/freertos/FreeRTOS-Kernel/include/freertos/FreeRTOS.h:69,
                 from /home/isaias/esp-tflite-micro/dog detection/main/detection_responder.cc:5:
/home/isaias/esp-tflite-micro/dog detection/main/detection_responder.cc:33:38: error: 'timer_config' was not declared in this scope
   33 |     ESP_ERROR_CHECK(mcpwm_new_timer(&timer_config, &timer));
      |                                      ^~~~~~~~~~~~
/home/isaias/esp/idf/esp-idf/components/esp_common/include/esp_err.h:116:30: note: in definition of macro 'ESP_ERROR_CHECK'
  116 |         esp_err_t err_rc_ = (x);                                        \
      |                              ^
/home/isaias/esp-tflite-micro/dog detection/main/detection_responder.cc:33:53: error: 'timer' was not declared in this scope
   33 |     ESP_ERROR_CHECK(mcpwm_new_timer(&timer_config, &timer));
      |                                                     ^~~~~
/home/isaias/esp/idf/esp-idf/components/esp_common/include/esp_err.h:116:30: note: in definition of macro 'ESP_ERROR_CHECK'
  116 |         esp_err_t err_rc_ = (x);                                        \
      |                              ^
/home/isaias/esp-tflite-micro/dog detection/main/detection_responder.cc:33:21: error: 'mcpwm_new_timer' was not declared in this scope
   33 |     ESP_ERROR_CHECK(mcpwm_new_timer(&timer_config, &timer));
      |                     ^~~~~~~~~~~~~~~
/home/isaias/esp/idf/esp-idf/components/esp_common/include/esp_err.h:116:30: note: in definition of macro 'ESP_ERROR_CHECK'
  116 |         esp_err_t err_rc_ = (x);                                        \
      |                              ^
/home/isaias/esp-tflite-micro/dog detection/main/detection_responder.cc:35:5: error: 'mcpwm_operator_config_t' was not declared in this scope; did you mean 'mcpwm_carrier_config_t'?
   35 |     mcpwm_operator_config_t operator_config = {
      |     ^~~~~~~~~~~~~~~~~~~~~~~
      |     mcpwm_carrier_config_t
/home/isaias/esp-tflite-micro/dog detection/main/detection_responder.cc:38:41: error: 'operator_config' was not declared in this scope
   38 |     ESP_ERROR_CHECK(mcpwm_new_operator(&operator_config, &operator));
      |                                         ^~~~~~~~~~~~~~~
/home/isaias/esp/idf/esp-idf/components/esp_common/include/esp_err.h:116:30: note: in definition of macro 'ESP_ERROR_CHECK'
  116 |         esp_err_t err_rc_ = (x);                                        \
      |                              ^
/home/isaias/esp-tflite-micro/dog detection/main/detection_responder.cc:38:67: error: expected type-specifier before ')' token
   38 |     ESP_ERROR_CHECK(mcpwm_new_operator(&operator_config, &operator));
      |                                                                   ^
/home/isaias/esp/idf/esp-idf/components/esp_common/include/esp_err.h:116:30: note: in definition of macro 'ESP_ERROR_CHECK'
  116 |         esp_err_t err_rc_ = (x);                                        \
      |                              ^
/home/isaias/esp-tflite-micro/dog detection/main/detection_responder.cc:38:21: error: 'mcpwm_new_operator' was not declared in this scope; did you mean 'mcpwm_operator_t'?
   38 |     ESP_ERROR_CHECK(mcpwm_new_operator(&operator_config, &operator));
      |                     ^~~~~~~~~~~~~~~~~~
/home/isaias/esp/idf/esp-idf/components/esp_common/include/esp_err.h:116:30: note: in definition of macro 'ESP_ERROR_CHECK'
  116 |         esp_err_t err_rc_ = (x);                                        \
      |                              ^
/home/isaias/esp-tflite-micro/dog detection/main/detection_responder.cc:40:58: error: 'operator,' not defined
   40 |     ESP_ERROR_CHECK(mcpwm_operator_connect_timer(operator, timer));
      |                                                          ^
/home/isaias/esp/idf/esp-idf/components/esp_common/include/esp_err.h:116:30: note: in definition of macro 'ESP_ERROR_CHECK'
  116 |         esp_err_t err_rc_ = (x);                                        \
      |                              ^
/home/isaias/esp-tflite-micro/dog detection/main/detection_responder.cc:40:21: error: 'mcpwm_operator_connect_timer' was not declared in this scope
   40 |     ESP_ERROR_CHECK(mcpwm_operator_connect_timer(operator, timer));
      |                     ^~~~~~~~~~~~~~~~~~~~~~~~~~~~
/home/isaias/esp/idf/esp-idf/components/esp_common/include/esp_err.h:116:30: note: in definition of macro 'ESP_ERROR_CHECK'
  116 |         esp_err_t err_rc_ = (x);                                        \
      |                              ^
/home/isaias/esp-tflite-micro/dog detection/main/detection_responder.cc:42:5: error: 'mcpwm_comparator_config_t' was not declared in this scope; did you mean 'mcpwm_carrier_config_t'?
   42 |     mcpwm_comparator_config_t comparator_config = {
      |     ^~~~~~~~~~~~~~~~~~~~~~~~~
      |     mcpwm_carrier_config_t
/home/isaias/esp-tflite-micro/dog detection/main/detection_responder.cc:45:50: error: 'operator,' not defined
   45 |     ESP_ERROR_CHECK(mcpwm_new_comparator(operator, &comparator_config, &comparator));
      |                                                  ^
/home/isaias/esp/idf/esp-idf/components/esp_common/include/esp_err.h:116:30: note: in definition of macro 'ESP_ERROR_CHECK'
  116 |         esp_err_t err_rc_ = (x);                                        \
      |                              ^
/home/isaias/esp-tflite-micro/dog detection/main/detection_responder.cc:45:53: error: 'comparator_config' was not declared in this scope
   45 |     ESP_ERROR_CHECK(mcpwm_new_comparator(operator, &comparator_config, &comparator));
      |                                                     ^~~~~~~~~~~~~~~~~
/home/isaias/esp/idf/esp-idf/components/esp_common/include/esp_err.h:116:30: note: in definition of macro 'ESP_ERROR_CHECK'
  116 |         esp_err_t err_rc_ = (x);                                        \
      |                              ^
/home/isaias/esp-tflite-micro/dog detection/main/detection_responder.cc:45:73: error: 'comparator' was not declared in this scope
   45 |     ESP_ERROR_CHECK(mcpwm_new_comparator(operator, &comparator_config, &comparator));
      |                                                                         ^~~~~~~~~~
/home/isaias/esp/idf/esp-idf/components/esp_common/include/esp_err.h:116:30: note: in definition of macro 'ESP_ERROR_CHECK'
  116 |         esp_err_t err_rc_ = (x);                                        \
      |                              ^
/home/isaias/esp-tflite-micro/dog detection/main/detection_responder.cc:45:21: error: 'mcpwm_new_comparator' was not declared in this scope
   45 |     ESP_ERROR_CHECK(mcpwm_new_comparator(operator, &comparator_config, &comparator));
      |                     ^~~~~~~~~~~~~~~~~~~~
/home/isaias/esp/idf/esp-idf/components/esp_common/include/esp_err.h:116:30: note: in definition of macro 'ESP_ERROR_CHECK'
  116 |         esp_err_t err_rc_ = (x);                                        \
      |                              ^
/home/isaias/esp-tflite-micro/dog detection/main/detection_responder.cc:47:5: error: 'mcpwm_gen_config_t' was not declared in this scope; did you mean 'mcpwm_pin_config_t'?
   47 |     mcpwm_gen_config_t gen_config = {
      |     ^~~~~~~~~~~~~~~~~~
      |     mcpwm_pin_config_t
/home/isaias/esp-tflite-micro/dog detection/main/detection_responder.cc:50:5: error: 'mcpwm_gen_handle_t' was not declared in this scope; did you mean 'mcpwm_generator_t'?
   50 |     mcpwm_gen_handle_t generator = NULL;
      |     ^~~~~~~~~~~~~~~~~~
      |     mcpwm_generator_t
/home/isaias/esp-tflite-micro/dog detection/main/detection_responder.cc:51:49: error: 'operator,' not defined
   51 |     ESP_ERROR_CHECK(mcpwm_new_generator(operator, &gen_config, &generator));
      |                                                 ^
/home/isaias/esp/idf/esp-idf/components/esp_common/include/esp_err.h:116:30: note: in definition of macro 'ESP_ERROR_CHECK'
  116 |         esp_err_t err_rc_ = (x);                                        \
      |                              ^
/home/isaias/esp-tflite-micro/dog detection/main/detection_responder.cc:51:52: error: 'gen_config' was not declared in this scope
   51 |     ESP_ERROR_CHECK(mcpwm_new_generator(operator, &gen_config, &generator));
      |                                                    ^~~~~~~~~~
/home/isaias/esp/idf/esp-idf/components/esp_common/include/esp_err.h:116:30: note: in definition of macro 'ESP_ERROR_CHECK'
  116 |         esp_err_t err_rc_ = (x);                                        \
      |                              ^
/home/isaias/esp-tflite-micro/dog detection/main/detection_responder.cc:51:65: error: 'generator' was not declared in this scope
   51 |     ESP_ERROR_CHECK(mcpwm_new_generator(operator, &gen_config, &generator));
      |                                                                 ^~~~~~~~~
/home/isaias/esp/idf/esp-idf/components/esp_common/include/esp_err.h:116:30: note: in definition of macro 'ESP_ERROR_CHECK'
  116 |         esp_err_t err_rc_ = (x);                                        \
      |                              ^
/home/isaias/esp-tflite-micro/dog detection/main/detection_responder.cc:51:21: error: 'mcpwm_new_generator' was not declared in this scope; did you mean 'mcpwm_generator_t'?
   51 |     ESP_ERROR_CHECK(mcpwm_new_generator(operator, &gen_config, &generator));
      |                     ^~~~~~~~~~~~~~~~~~~
/home/isaias/esp/idf/esp-idf/components/esp_common/include/esp_err.h:116:30: note: in definition of macro 'ESP_ERROR_CHECK'
  116 |         esp_err_t err_rc_ = (x);                                        \
      |                              ^
/home/isaias/esp-tflite-micro/dog detection/main/detection_responder.cc:54:63: error: 'generator' was not declared in this scope
   54 |     ESP_ERROR_CHECK(mcpwm_generator_set_action_on_timer_event(generator, MCPWM_TIMER_EVENT_EMPTY, MCPWM_GEN_ACTION_HIGH));
      |                                                               ^~~~~~~~~
/home/isaias/esp/idf/esp-idf/components/esp_common/include/esp_err.h:116:30: note: in definition of macro 'ESP_ERROR_CHECK'
  116 |         esp_err_t err_rc_ = (x);                                        \
      |                              ^
/home/isaias/esp-tflite-micro/dog detection/main/detection_responder.cc:54:21: error: 'mcpwm_generator_set_action_on_timer_event' was not declared in this scope
   54 |     ESP_ERROR_CHECK(mcpwm_generator_set_action_on_timer_event(generator, MCPWM_TIMER_EVENT_EMPTY, MCPWM_GEN_ACTION_HIGH));
      |                     ^~~~~~~~~~~~~~~~~~~~~~~~~~~~~~~~~~~~~~~~~
/home/isaias/esp/idf/esp-idf/components/esp_common/include/esp_err.h:116:30: note: in definition of macro 'ESP_ERROR_CHECK'
  116 |         esp_err_t err_rc_ = (x);                                        \
      |                              ^
/home/isaias/esp-tflite-micro/dog detection/main/detection_responder.cc:55:65: error: 'generator' was not declared in this scope
   55 |     ESP_ERROR_CHECK(mcpwm_generator_set_action_on_compare_event(generator, comparator, MCPWM_GEN_COMPARE_EVENT_ACTION(MCPWM_TIMER_EVENT_EMPTY, MCPWM_GEN_ACTION_LOW)));
      |                                                                 ^~~~~~~~~
/home/isaias/esp/idf/esp-idf/components/esp_common/include/esp_err.h:116:30: note: in definition of macro 'ESP_ERROR_CHECK'
  116 |         esp_err_t err_rc_ = (x);                                        \
      |                              ^
/home/isaias/esp-tflite-micro/dog detection/main/detection_responder.cc:55:76: error: 'comparator' was not declared in this scope
   55 |     ESP_ERROR_CHECK(mcpwm_generator_set_action_on_compare_event(generator, comparator, MCPWM_GEN_COMPARE_EVENT_ACTION(MCPWM_TIMER_EVENT_EMPTY, MCPWM_GEN_ACTION_LOW)));
      |                                                                            ^~~~~~~~~~
/home/isaias/esp/idf/esp-idf/components/esp_common/include/esp_err.h:116:30: note: in definition of macro 'ESP_ERROR_CHECK'
  116 |         esp_err_t err_rc_ = (x);                                        \
      |                              ^
/home/isaias/esp-tflite-micro/dog detection/main/detection_responder.cc:55:88: error: 'MCPWM_GEN_COMPARE_EVENT_ACTION' was not declared in this scope
   55 |     ESP_ERROR_CHECK(mcpwm_generator_set_action_on_compare_event(generator, comparator, MCPWM_GEN_COMPARE_EVENT_ACTION(MCPWM_TIMER_EVENT_EMPTY, MCPWM_GEN_ACTION_LOW)));
      |                                                                                        ^~~~~~~~~~~~~~~~~~~~~~~~~~~~~~
/home/isaias/esp/idf/esp-idf/components/esp_common/include/esp_err.h:116:30: note: in definition of macro 'ESP_ERROR_CHECK'
  116 |         esp_err_t err_rc_ = (x);                                        \
      |                              ^
/home/isaias/esp-tflite-micro/dog detection/main/detection_responder.cc:55:21: error: 'mcpwm_generator_set_action_on_compare_event' was not declared in this scope
   55 |     ESP_ERROR_CHECK(mcpwm_generator_set_action_on_compare_event(generator, comparator, MCPWM_GEN_COMPARE_EVENT_ACTION(MCPWM_TIMER_EVENT_EMPTY, MCPWM_GEN_ACTION_LOW)));
      |                     ^~~~~~~~~~~~~~~~~~~~~~~~~~~~~~~~~~~~~~~~~~~
/home/isaias/esp/idf/esp-idf/components/esp_common/include/esp_err.h:116:30: note: in definition of macro 'ESP_ERROR_CHECK'
  116 |         esp_err_t err_rc_ = (x);                                        \
      |                              ^
/home/isaias/esp-tflite-micro/dog detection/main/detection_responder.cc:57:40: error: 'timer' was not declared in this scope
   57 |     ESP_ERROR_CHECK(mcpwm_timer_enable(timer));
      |                                        ^~~~~
/home/isaias/esp/idf/esp-idf/components/esp_common/include/esp_err.h:116:30: note: in definition of macro 'ESP_ERROR_CHECK'
  116 |         esp_err_t err_rc_ = (x);                                        \
      |                              ^
/home/isaias/esp-tflite-micro/dog detection/main/detection_responder.cc:57:21: error: 'mcpwm_timer_enable' was not declared in this scope; did you mean 'mcpwm_deadtime_enable'?
   57 |     ESP_ERROR_CHECK(mcpwm_timer_enable(timer));
      |                     ^~~~~~~~~~~~~~~~~~
/home/isaias/esp/idf/esp-idf/components/esp_common/include/esp_err.h:116:30: note: in definition of macro 'ESP_ERROR_CHECK'
  116 |         esp_err_t err_rc_ = (x);                                        \
      |                              ^
/home/isaias/esp-tflite-micro/dog detection/main/detection_responder.cc:58:44: error: 'timer' was not declared in this scope
   58 |     ESP_ERROR_CHECK(mcpwm_timer_start_stop(timer, MCPWM_TIMER_START_NO_STOP));
      |                                            ^~~~~
/home/isaias/esp/idf/esp-idf/components/esp_common/include/esp_err.h:116:30: note: in definition of macro 'ESP_ERROR_CHECK'
  116 |         esp_err_t err_rc_ = (x);                                        \
      |                              ^
/home/isaias/esp-tflite-micro/dog detection/main/detection_responder.cc:58:21: error: 'mcpwm_timer_start_stop' was not declared in this scope; did you mean 'mcpwm_timer_start_stop_cmd_t'?
   58 |     ESP_ERROR_CHECK(mcpwm_timer_start_stop(timer, MCPWM_TIMER_START_NO_STOP));
      |                     ^~~~~~~~~~~~~~~~~~~~~~
/home/isaias/esp/idf/esp-idf/components/esp_common/include/esp_err.h:116:30: note: in definition of macro 'ESP_ERROR_CHECK'
  116 |         esp_err_t err_rc_ = (x);                                        \
      |                              ^
/home/isaias/esp-tflite-micro/dog detection/main/detection_responder.cc: In function 'void RespondToDetection(float)':
/home/isaias/esp-tflite-micro/dog detection/main/detection_responder.cc:71:60: error: 'comparator' was not declared in this scope
   71 |         ESP_ERROR_CHECK(mcpwm_comparator_set_compare_value(comparator, example_angle_to_compare(45)));
      |                                                            ^~~~~~~~~~
/home/isaias/esp/idf/esp-idf/components/esp_common/include/esp_err.h:116:30: note: in definition of macro 'ESP_ERROR_CHECK'
  116 |         esp_err_t err_rc_ = (x);                                        \
      |                              ^
/home/isaias/esp-tflite-micro/dog detection/main/detection_responder.cc:71:25: error: 'mcpwm_comparator_set_compare_value' was not declared in this scope
   71 |         ESP_ERROR_CHECK(mcpwm_comparator_set_compare_value(comparator, example_angle_to_compare(45)));
      |                         ^~~~~~~~~~~~~~~~~~~~~~~~~~~~~~~~~~
/home/isaias/esp/idf/esp-idf/components/esp_common/include/esp_err.h:116:30: note: in definition of macro 'ESP_ERROR_CHECK'
  116 |         esp_err_t err_rc_ = (x);                                        \
      |                              ^
/home/isaias/esp-tflite-micro/dog detection/main/detection_responder.cc:74:60: error: 'comparator' was not declared in this scope
   74 |         ESP_ERROR_CHECK(mcpwm_comparator_set_compare_value(comparator, example_angle_to_compare(0)));
      |                                                            ^~~~~~~~~~
/home/isaias/esp/idf/esp-idf/components/esp_common/include/esp_err.h:116:30: note: in definition of macro 'ESP_ERROR_CHECK'
  116 |         esp_err_t err_rc_ = (x);                                        \
      |                              ^
/home/isaias/esp-tflite-micro/dog detection/main/detection_responder.cc:74:25: error: 'mcpwm_comparator_set_compare_value' was not declared in this scope
   74 |         ESP_ERROR_CHECK(mcpwm_comparator_set_compare_value(comparator, example_angle_to_compare(0)));
      |                         ^~~~~~~~~~~~~~~~~~~~~~~~~~~~~~~~~~
/home/isaias/esp/idf/esp-idf/components/esp_common/include/esp_err.h:116:30: note: in definition of macro 'ESP_ERROR_CHECK'
  116 |         esp_err_t err_rc_ = (x);                                        \
      |                              ^
ninja: build stopped: subcommand failed.
