[1/11] Building CXX object esp-idf/main/CMakeFiles/__idf_main.dir/main.cc.obj
FAILED: esp-idf/main/CMakeFiles/__idf_main.dir/main.cc.obj 
/home/isaias/esp/idf-tools/tools/xtensa-esp-elf/esp-13.2.0_20240305/xtensa-esp-elf/bin/xtensa-esp32-elf-g++ -DESP_PLATFORM -DIDF_VER=\"v5.3-dev-2747-g4f3cd0deb9-dirty\" -DSOC_MMU_PAGE_SIZE=CONFIG_MMU_PAGE_SIZE -DSOC_XTAL_FREQ_MHZ=CONFIG_XTAL_FREQ -D_GLIBCXX_HAVE_POSIX_SEMAPHORE -D_GLIBCXX_USE_POSIX_SEMAPHORE -D_GNU_SOURCE -D_POSIX_READER_WRITER_LOCKS -I"/home/isaias/esp-tflite-micro/dog detection/build/config" -I/home/isaias/esp/idf/esp-idf/components/newlib/platform_include -I/home/isaias/esp/idf/esp-idf/components/freertos/config/include -I/home/isaias/esp/idf/esp-idf/components/freertos/config/include/freertos -I/home/isaias/esp/idf/esp-idf/components/freertos/config/xtensa/include -I/home/isaias/esp/idf/esp-idf/components/freertos/FreeRTOS-Kernel/include -I/home/isaias/esp/idf/esp-idf/components/freertos/FreeRTOS-Kernel/portable/xtensa/include -I/home/isaias/esp/idf/esp-idf/components/freertos/FreeRTOS-Kernel/portable/xtensa/include/freertos -I/home/isaias/esp/idf/esp-idf/components/freertos/esp_additions/include -I/home/isaias/esp/idf/esp-idf/components/esp_hw_support/include -I/home/isaias/esp/idf/esp-idf/components/esp_hw_support/include/soc -I/home/isaias/esp/idf/esp-idf/components/esp_hw_support/include/soc/esp32 -I/home/isaias/esp/idf/esp-idf/components/esp_hw_support/dma/include -I/home/isaias/esp/idf/esp-idf/components/esp_hw_support/port/esp32/. -I/home/isaias/esp/idf/esp-idf/components/esp_hw_support/port/esp32/include -I/home/isaias/esp/idf/esp-idf/components/heap/include -I/home/isaias/esp/idf/esp-idf/components/log/include -I/home/isaias/esp/idf/esp-idf/components/soc/include -I/home/isaias/esp/idf/esp-idf/components/soc/esp32 -I/home/isaias/esp/idf/esp-idf/components/soc/esp32/include -I/home/isaias/esp/idf/esp-idf/components/hal/platform_port/include -I/home/isaias/esp/idf/esp-idf/components/hal/esp32/include -I/home/isaias/esp/idf/esp-idf/components/hal/include -I/home/isaias/esp/idf/esp-idf/components/esp_rom/include -I/home/isaias/esp/idf/esp-idf/components/esp_rom/include/esp32 -I/home/isaias/esp/idf/esp-idf/components/esp_rom/esp32 -I/home/isaias/esp/idf/esp-idf/components/esp_common/include -I/home/isaias/esp/idf/esp-idf/components/esp_system/include -I/home/isaias/esp/idf/esp-idf/components/esp_system/port/soc -I/home/isaias/esp/idf/esp-idf/components/esp_system/port/include/private -I/home/isaias/esp/idf/esp-idf/components/xtensa/esp32/include -I/home/isaias/esp/idf/esp-idf/components/xtensa/include -I/home/isaias/esp/idf/esp-idf/components/xtensa/deprecated_include -I/home/isaias/esp/idf/esp-idf/components/esp_timer/include -I/home/isaias/esp/idf/esp-idf/components/lwip/include -I/home/isaias/esp/idf/esp-idf/components/lwip/include/apps -I/home/isaias/esp/idf/esp-idf/components/lwip/include/apps/sntp -I/home/isaias/esp/idf/esp-idf/components/lwip/lwip/src/include -I/home/isaias/esp/idf/esp-idf/components/lwip/port/include -I/home/isaias/esp/idf/esp-idf/components/lwip/port/freertos/include -I/home/isaias/esp/idf/esp-idf/components/lwip/port/esp32xx/include -I/home/isaias/esp/idf/esp-idf/components/lwip/port/esp32xx/include/arch -I/home/isaias/esp/idf/esp-idf/components/lwip/port/esp32xx/include/sys -I/home/isaias/esp/idf/esp-idf/components/console -I/home/isaias/esp/idf/esp-idf/components/vfs/include -I/home/isaias/esp/idf/esp-idf/components/esp_vfs_console/include -I/home/isaias/esp/idf/esp-idf/components/spi_flash/include -I"/home/isaias/esp-tflite-micro/dog detection/managed_components/espressif__esp-tflite-micro" -I"/home/isaias/esp-tflite-micro/dog detection/managed_components/espressif__esp-tflite-micro/third_party/gemmlowp" -I"/home/isaias/esp-tflite-micro/dog detection/managed_components/espressif__esp-tflite-micro/third_party/flatbuffers/include" -I"/home/isaias/esp-tflite-micro/dog detection/managed_components/espressif__esp-tflite-micro/third_party/ruy" -I"/home/isaias/esp-tflite-micro/dog detection/managed_components/espressif__esp-tflite-micro/third_party/kissfft" -I"/home/isaias/esp-tflite-micro/dog detection/managed_components/espressif__esp-tflite-micro/signal/micro/kernels" -I"/home/isaias/esp-tflite-micro/dog detection/managed_components/espressif__esp-tflite-micro/signal/src" -I"/home/isaias/esp-tflite-micro/dog detection/managed_components/espressif__esp-tflite-micro/signal/src/kiss_fft_wrappers" -I"/home/isaias/esp-tflite-micro/dog detection/managed_components/espressif__esp32-camera/driver/include" -I"/home/isaias/esp-tflite-micro/dog detection/managed_components/espressif__esp32-camera/conversions/include" -I/home/isaias/esp/idf/esp-idf/components/driver/deprecated -I/home/isaias/esp/idf/esp-idf/components/driver/i2c/include -I/home/isaias/esp/idf/esp-idf/components/driver/touch_sensor/include -I/home/isaias/esp/idf/esp-idf/components/driver/twai/include -I/home/isaias/esp/idf/esp-idf/components/driver/touch_sensor/esp32/include -I/home/isaias/esp/idf/esp-idf/components/esp_pm/include -I/home/isaias/esp/idf/esp-idf/components/esp_ringbuf/include -I/home/isaias/esp/idf/esp-idf/components/esp_driver_gpio/include -I/home/isaias/esp/idf/esp-idf/components/esp_driver_pcnt/include -I/home/isaias/esp/idf/esp-idf/components/esp_driver_gptimer/include -I/home/isaias/esp/idf/esp-idf/components/esp_driver_spi/include -I/home/isaias/esp/idf/esp-idf/components/esp_driver_mcpwm/include -I/home/isaias/esp/idf/esp-idf/components/esp_driver_ana_cmpr/include -I/home/isaias/esp/idf/esp-idf/components/esp_driver_i2s/include -I/home/isaias/esp/idf/esp-idf/components/esp_driver_sdmmc/include -I/home/isaias/esp/idf/esp-idf/components/sdmmc/include -I/home/isaias/esp/idf/esp-idf/components/esp_driver_sdspi/include -I/home/isaias/esp/idf/esp-idf/components/esp_driver_sdio/include -I/home/isaias/esp/idf/esp-idf/components/esp_driver_dac/include -I/home/isaias/esp/idf/esp-idf/components/esp_driver_rmt/include -I/home/isaias/esp/idf/esp-idf/components/esp_driver_tsens/include -I/home/isaias/esp/idf/esp-idf/components/esp_driver_sdm/include -I/home/isaias/esp/idf/esp-idf/components/esp_driver_i2c/include -I/home/isaias/esp/idf/esp-idf/components/esp_driver_uart/include -I/home/isaias/esp/idf/esp-idf/components/esp_driver_ledc/include -I/home/isaias/esp/idf/esp-idf/components/esp_driver_parlio/include -I/home/isaias/esp/idf/esp-idf/components/esp_driver_usb_serial_jtag/include -mlongcalls -Wno-frame-address  -fno-builtin-memcpy -fno-builtin-memset -fno-builtin-bzero -fno-builtin-stpcpy -fno-builtin-strncpy -ffunction-sections -fdata-sections -Wall -Werror=all -Wno-error=unused-function -Wno-error=unused-variable -Wno-error=unused-but-set-variable -Wno-error=deprecated-declarations -Wextra -Wno-unused-parameter -Wno-sign-compare -Wno-enum-conversion -gdwarf-4 -ggdb -mdisable-hardware-atomics -mfix-esp32-psram-cache-issue -mfix-esp32-psram-cache-strategy=memw -O2 "-fmacro-prefix-map=/home/isaias/esp-tflite-micro/dog detection=." -fmacro-prefix-map=/home/isaias/esp/idf/esp-idf=/IDF -fstrict-volatile-bitfields -fno-jump-tables -fno-tree-switch-conversion -std=gnu++2b -fno-exceptions -fno-rtti -DTF_LITE_STATIC_MEMORY -MD -MT esp-idf/main/CMakeFiles/__idf_main.dir/main.cc.obj -MF esp-idf/main/CMakeFiles/__idf_main.dir/main.cc.obj.d -o esp-idf/main/CMakeFiles/__idf_main.dir/main.cc.obj -c '/home/isaias/esp-tflite-micro/dog detection/main/main.cc'
/home/isaias/esp-tflite-micro/dog detection/main/main.cc: In function 'void tf_main()':
/home/isaias/esp-tflite-micro/dog detection/main/main.cc:30:3: error: 'setup_mcpwm' was not declared in this scope
   30 |   setup_mcpwm();
      |   ^~~~~~~~~~~
[2/11] Performing build step for 'bootloader'
[1/1] cd "/home/isaias/esp-tflite-micro/dog detection/build/bootloader/esp-idf/esptool_py" && /home/isaias/esp/idf-tools/python_env/idf5.3_py3.10_env/bin/python /home/isaias/esp/idf/esp-idf/components/partition_table/check_sizes.py --offset 0x8000 bootloader 0x1000 /home/isaias/esp-tflite-micro/dog\ detection/build/bootloader/bootloader.bin
Bootloader binary size 0x6df0 bytes. 0x210 bytes (2%) free.
[3/9] Building CXX object esp-idf/main/CMakeFiles/__idf_main.dir/detection_responder.cc.obj
[4/9] Building CXX object esp-idf/main/CMakeFiles/__idf_main.dir/main_functions.cc.obj
FAILED: esp-idf/main/CMakeFiles/__idf_main.dir/main_functions.cc.obj 
/home/isaias/esp/idf-tools/tools/xtensa-esp-elf/esp-13.2.0_20240305/xtensa-esp-elf/bin/xtensa-esp32-elf-g++ -DESP_PLATFORM -DIDF_VER=\"v5.3-dev-2747-g4f3cd0deb9-dirty\" -DSOC_MMU_PAGE_SIZE=CONFIG_MMU_PAGE_SIZE -DSOC_XTAL_FREQ_MHZ=CONFIG_XTAL_FREQ -D_GLIBCXX_HAVE_POSIX_SEMAPHORE -D_GLIBCXX_USE_POSIX_SEMAPHORE -D_GNU_SOURCE -D_POSIX_READER_WRITER_LOCKS -I"/home/isaias/esp-tflite-micro/dog detection/build/config" -I/home/isaias/esp/idf/esp-idf/components/newlib/platform_include -I/home/isaias/esp/idf/esp-idf/components/freertos/config/include -I/home/isaias/esp/idf/esp-idf/components/freertos/config/include/freertos -I/home/isaias/esp/idf/esp-idf/components/freertos/config/xtensa/include -I/home/isaias/esp/idf/esp-idf/components/freertos/FreeRTOS-Kernel/include -I/home/isaias/esp/idf/esp-idf/components/freertos/FreeRTOS-Kernel/portable/xtensa/include -I/home/isaias/esp/idf/esp-idf/components/freertos/FreeRTOS-Kernel/portable/xtensa/include/freertos -I/home/isaias/esp/idf/esp-idf/components/freertos/esp_additions/include -I/home/isaias/esp/idf/esp-idf/components/esp_hw_support/include -I/home/isaias/esp/idf/esp-idf/components/esp_hw_support/include/soc -I/home/isaias/esp/idf/esp-idf/components/esp_hw_support/include/soc/esp32 -I/home/isaias/esp/idf/esp-idf/components/esp_hw_support/dma/include -I/home/isaias/esp/idf/esp-idf/components/esp_hw_support/port/esp32/. -I/home/isaias/esp/idf/esp-idf/components/esp_hw_support/port/esp32/include -I/home/isaias/esp/idf/esp-idf/components/heap/include -I/home/isaias/esp/idf/esp-idf/components/log/include -I/home/isaias/esp/idf/esp-idf/components/soc/include -I/home/isaias/esp/idf/esp-idf/components/soc/esp32 -I/home/isaias/esp/idf/esp-idf/components/soc/esp32/include -I/home/isaias/esp/idf/esp-idf/components/hal/platform_port/include -I/home/isaias/esp/idf/esp-idf/components/hal/esp32/include -I/home/isaias/esp/idf/esp-idf/components/hal/include -I/home/isaias/esp/idf/esp-idf/components/esp_rom/include -I/home/isaias/esp/idf/esp-idf/components/esp_rom/include/esp32 -I/home/isaias/esp/idf/esp-idf/components/esp_rom/esp32 -I/home/isaias/esp/idf/esp-idf/components/esp_common/include -I/home/isaias/esp/idf/esp-idf/components/esp_system/include -I/home/isaias/esp/idf/esp-idf/components/esp_system/port/soc -I/home/isaias/esp/idf/esp-idf/components/esp_system/port/include/private -I/home/isaias/esp/idf/esp-idf/components/xtensa/esp32/include -I/home/isaias/esp/idf/esp-idf/components/xtensa/include -I/home/isaias/esp/idf/esp-idf/components/xtensa/deprecated_include -I/home/isaias/esp/idf/esp-idf/components/esp_timer/include -I/home/isaias/esp/idf/esp-idf/components/lwip/include -I/home/isaias/esp/idf/esp-idf/components/lwip/include/apps -I/home/isaias/esp/idf/esp-idf/components/lwip/include/apps/sntp -I/home/isaias/esp/idf/esp-idf/components/lwip/lwip/src/include -I/home/isaias/esp/idf/esp-idf/components/lwip/port/include -I/home/isaias/esp/idf/esp-idf/components/lwip/port/freertos/include -I/home/isaias/esp/idf/esp-idf/components/lwip/port/esp32xx/include -I/home/isaias/esp/idf/esp-idf/components/lwip/port/esp32xx/include/arch -I/home/isaias/esp/idf/esp-idf/components/lwip/port/esp32xx/include/sys -I/home/isaias/esp/idf/esp-idf/components/console -I/home/isaias/esp/idf/esp-idf/components/vfs/include -I/home/isaias/esp/idf/esp-idf/components/esp_vfs_console/include -I/home/isaias/esp/idf/esp-idf/components/spi_flash/include -I"/home/isaias/esp-tflite-micro/dog detection/managed_components/espressif__esp-tflite-micro" -I"/home/isaias/esp-tflite-micro/dog detection/managed_components/espressif__esp-tflite-micro/third_party/gemmlowp" -I"/home/isaias/esp-tflite-micro/dog detection/managed_components/espressif__esp-tflite-micro/third_party/flatbuffers/include" -I"/home/isaias/esp-tflite-micro/dog detection/managed_components/espressif__esp-tflite-micro/third_party/ruy" -I"/home/isaias/esp-tflite-micro/dog detection/managed_components/espressif__esp-tflite-micro/third_party/kissfft" -I"/home/isaias/esp-tflite-micro/dog detection/managed_components/espressif__esp-tflite-micro/signal/micro/kernels" -I"/home/isaias/esp-tflite-micro/dog detection/managed_components/espressif__esp-tflite-micro/signal/src" -I"/home/isaias/esp-tflite-micro/dog detection/managed_components/espressif__esp-tflite-micro/signal/src/kiss_fft_wrappers" -I"/home/isaias/esp-tflite-micro/dog detection/managed_components/espressif__esp32-camera/driver/include" -I"/home/isaias/esp-tflite-micro/dog detection/managed_components/espressif__esp32-camera/conversions/include" -I/home/isaias/esp/idf/esp-idf/components/driver/deprecated -I/home/isaias/esp/idf/esp-idf/components/driver/i2c/include -I/home/isaias/esp/idf/esp-idf/components/driver/touch_sensor/include -I/home/isaias/esp/idf/esp-idf/components/driver/twai/include -I/home/isaias/esp/idf/esp-idf/components/driver/touch_sensor/esp32/include -I/home/isaias/esp/idf/esp-idf/components/esp_pm/include -I/home/isaias/esp/idf/esp-idf/components/esp_ringbuf/include -I/home/isaias/esp/idf/esp-idf/components/esp_driver_gpio/include -I/home/isaias/esp/idf/esp-idf/components/esp_driver_pcnt/include -I/home/isaias/esp/idf/esp-idf/components/esp_driver_gptimer/include -I/home/isaias/esp/idf/esp-idf/components/esp_driver_spi/include -I/home/isaias/esp/idf/esp-idf/components/esp_driver_mcpwm/include -I/home/isaias/esp/idf/esp-idf/components/esp_driver_ana_cmpr/include -I/home/isaias/esp/idf/esp-idf/components/esp_driver_i2s/include -I/home/isaias/esp/idf/esp-idf/components/esp_driver_sdmmc/include -I/home/isaias/esp/idf/esp-idf/components/sdmmc/include -I/home/isaias/esp/idf/esp-idf/components/esp_driver_sdspi/include -I/home/isaias/esp/idf/esp-idf/components/esp_driver_sdio/include -I/home/isaias/esp/idf/esp-idf/components/esp_driver_dac/include -I/home/isaias/esp/idf/esp-idf/components/esp_driver_rmt/include -I/home/isaias/esp/idf/esp-idf/components/esp_driver_tsens/include -I/home/isaias/esp/idf/esp-idf/components/esp_driver_sdm/include -I/home/isaias/esp/idf/esp-idf/components/esp_driver_i2c/include -I/home/isaias/esp/idf/esp-idf/components/esp_driver_uart/include -I/home/isaias/esp/idf/esp-idf/components/esp_driver_ledc/include -I/home/isaias/esp/idf/esp-idf/components/esp_driver_parlio/include -I/home/isaias/esp/idf/esp-idf/components/esp_driver_usb_serial_jtag/include -mlongcalls -Wno-frame-address  -fno-builtin-memcpy -fno-builtin-memset -fno-builtin-bzero -fno-builtin-stpcpy -fno-builtin-strncpy -ffunction-sections -fdata-sections -Wall -Werror=all -Wno-error=unused-function -Wno-error=unused-variable -Wno-error=unused-but-set-variable -Wno-error=deprecated-declarations -Wextra -Wno-unused-parameter -Wno-sign-compare -Wno-enum-conversion -gdwarf-4 -ggdb -mdisable-hardware-atomics -mfix-esp32-psram-cache-issue -mfix-esp32-psram-cache-strategy=memw -O2 "-fmacro-prefix-map=/home/isaias/esp-tflite-micro/dog detection=." -fmacro-prefix-map=/home/isaias/esp/idf/esp-idf=/IDF -fstrict-volatile-bitfields -fno-jump-tables -fno-tree-switch-conversion -std=gnu++2b -fno-exceptions -fno-rtti -DTF_LITE_STATIC_MEMORY -MD -MT esp-idf/main/CMakeFiles/__idf_main.dir/main_functions.cc.obj -MF esp-idf/main/CMakeFiles/__idf_main.dir/main_functions.cc.obj.d -o esp-idf/main/CMakeFiles/__idf_main.dir/main_functions.cc.obj -c '/home/isaias/esp-tflite-micro/dog detection/main/main_functions.cc'
In file included from /home/isaias/esp-tflite-micro/dog detection/managed_components/espressif__esp-tflite-micro/tensorflow/lite/micro/tflite_bridge/flatbuffer_conversions_bridge.h:19,
                 from /home/isaias/esp-tflite-micro/dog detection/managed_components/espressif__esp-tflite-micro/tensorflow/lite/micro/micro_allocator.h:26,
                 from /home/isaias/esp-tflite-micro/dog detection/managed_components/espressif__esp-tflite-micro/tensorflow/lite/micro/micro_interpreter.h:26,
                 from /home/isaias/esp-tflite-micro/dog detection/main/main_functions.cc:22:
/home/isaias/esp-tflite-micro/dog detection/managed_components/espressif__esp-tflite-micro/tensorflow/lite/core/api/flatbuffer_conversions.h: In member function 'T* tflite::BuiltinDataAllocator::AllocatePOD()':
/home/isaias/esp-tflite-micro/dog detection/managed_components/espressif__esp-tflite-micro/tensorflow/lite/core/api/flatbuffer_conversions.h:46:24: warning: 'template<class _Tp> struct std::is_pod' is deprecated: use 'is_standard_layout && is_trivial' instead [-Wdeprecated-declarations]
   46 |     static_assert(std::is_pod<T>::value, "Builtin data structure must be POD.");
      |                        ^~~~~~
In file included from /home/isaias/esp/idf-tools/tools/xtensa-esp-elf/esp-13.2.0_20240305/xtensa-esp-elf/xtensa-esp-elf/include/c++/13.2.0/bits/stl_pair.h:60,
                 from /home/isaias/esp/idf-tools/tools/xtensa-esp-elf/esp-13.2.0_20240305/xtensa-esp-elf/xtensa-esp-elf/include/c++/13.2.0/utility:69,
                 from /home/isaias/esp-tflite-micro/dog detection/managed_components/espressif__esp-tflite-micro/tensorflow/lite/core/c/common.h:1463,
                 from /home/isaias/esp-tflite-micro/dog detection/managed_components/espressif__esp-tflite-micro/tensorflow/lite/c/common.h:31,
                 from /home/isaias/esp-tflite-micro/dog detection/main/detection_responder.h:22,
                 from /home/isaias/esp-tflite-micro/dog detection/main/main_functions.cc:18:
/home/isaias/esp/idf-tools/tools/xtensa-esp-elf/esp-13.2.0_20240305/xtensa-esp-elf/xtensa-esp-elf/include/c++/13.2.0/type_traits:819:5: note: declared here
  819 |     is_pod
      |     ^~~~~~
In file included from /home/isaias/esp-tflite-micro/dog detection/main/main_functions.cc:32:
/home/isaias/esp-tflite-micro/dog detection/main/main_functions.cc: In function 'void setup_mcpwm()':
/home/isaias/esp-tflite-micro/dog detection/main/main_functions.cc:93:14: error: 'TAG' was not declared in this scope
   93 |     ESP_LOGI(TAG, "Create timer and operator");
      |              ^~~
/home/isaias/esp/idf/esp-idf/components/log/include/esp_log.h:417:81: note: in definition of macro 'ESP_LOG_LEVEL'
  417 |         if (level==ESP_LOG_ERROR )          { esp_log_write(ESP_LOG_ERROR,      tag, LOG_FORMAT(E, format), esp_log_timestamp(), tag __VA_OPT__(,) __VA_ARGS__); } \
      |                                                                                 ^~~
/home/isaias/esp/idf/esp-idf/components/log/include/esp_log.h:361:38: note: in expansion of macro 'ESP_LOG_LEVEL_LOCAL'
  361 | #define ESP_LOGI( tag, format, ... ) ESP_LOG_LEVEL_LOCAL(ESP_LOG_INFO,    tag, format __VA_OPT__(,) __VA_ARGS__)
      |                                      ^~~~~~~~~~~~~~~~~~~
/home/isaias/esp-tflite-micro/dog detection/main/main_functions.cc:93:5: note: in expansion of macro 'ESP_LOGI'
   93 |     ESP_LOGI(TAG, "Create timer and operator");
      |     ^~~~~~~~
/home/isaias/esp-tflite-micro/dog detection/main/main_functions.cc:93:14: error: 'TAG' was not declared in this scope
   93 |     ESP_LOGI(TAG, "Create timer and operator");
      |              ^~~
/home/isaias/esp/idf/esp-idf/components/log/include/esp_log.h:418:81: note: in definition of macro 'ESP_LOG_LEVEL'
  418 |         else if (level==ESP_LOG_WARN )      { esp_log_write(ESP_LOG_WARN,       tag, LOG_FORMAT(W, format), esp_log_timestamp(), tag __VA_OPT__(,) __VA_ARGS__); } \
      |                                                                                 ^~~
/home/isaias/esp/idf/esp-idf/components/log/include/esp_log.h:361:38: note: in expansion of macro 'ESP_LOG_LEVEL_LOCAL'
  361 | #define ESP_LOGI( tag, format, ... ) ESP_LOG_LEVEL_LOCAL(ESP_LOG_INFO,    tag, format __VA_OPT__(,) __VA_ARGS__)
      |                                      ^~~~~~~~~~~~~~~~~~~
/home/isaias/esp-tflite-micro/dog detection/main/main_functions.cc:93:5: note: in expansion of macro 'ESP_LOGI'
   93 |     ESP_LOGI(TAG, "Create timer and operator");
      |     ^~~~~~~~
/home/isaias/esp-tflite-micro/dog detection/main/main_functions.cc:93:14: error: 'TAG' was not declared in this scope
   93 |     ESP_LOGI(TAG, "Create timer and operator");
      |              ^~~
/home/isaias/esp/idf/esp-idf/components/log/include/esp_log.h:419:81: note: in definition of macro 'ESP_LOG_LEVEL'
  419 |         else if (level==ESP_LOG_DEBUG )     { esp_log_write(ESP_LOG_DEBUG,      tag, LOG_FORMAT(D, format), esp_log_timestamp(), tag __VA_OPT__(,) __VA_ARGS__); } \
      |                                                                                 ^~~
/home/isaias/esp/idf/esp-idf/components/log/include/esp_log.h:361:38: note: in expansion of macro 'ESP_LOG_LEVEL_LOCAL'
  361 | #define ESP_LOGI( tag, format, ... ) ESP_LOG_LEVEL_LOCAL(ESP_LOG_INFO,    tag, format __VA_OPT__(,) __VA_ARGS__)
      |                                      ^~~~~~~~~~~~~~~~~~~
/home/isaias/esp-tflite-micro/dog detection/main/main_functions.cc:93:5: note: in expansion of macro 'ESP_LOGI'
   93 |     ESP_LOGI(TAG, "Create timer and operator");
      |     ^~~~~~~~
/home/isaias/esp-tflite-micro/dog detection/main/main_functions.cc:93:14: error: 'TAG' was not declared in this scope
   93 |     ESP_LOGI(TAG, "Create timer and operator");
      |              ^~~
/home/isaias/esp/idf/esp-idf/components/log/include/esp_log.h:420:81: note: in definition of macro 'ESP_LOG_LEVEL'
  420 |         else if (level==ESP_LOG_VERBOSE )   { esp_log_write(ESP_LOG_VERBOSE,    tag, LOG_FORMAT(V, format), esp_log_timestamp(), tag __VA_OPT__(,) __VA_ARGS__); } \
      |                                                                                 ^~~
/home/isaias/esp/idf/esp-idf/components/log/include/esp_log.h:361:38: note: in expansion of macro 'ESP_LOG_LEVEL_LOCAL'
  361 | #define ESP_LOGI( tag, format, ... ) ESP_LOG_LEVEL_LOCAL(ESP_LOG_INFO,    tag, format __VA_OPT__(,) __VA_ARGS__)
      |                                      ^~~~~~~~~~~~~~~~~~~
/home/isaias/esp-tflite-micro/dog detection/main/main_functions.cc:93:5: note: in expansion of macro 'ESP_LOGI'
   93 |     ESP_LOGI(TAG, "Create timer and operator");
      |     ^~~~~~~~
/home/isaias/esp-tflite-micro/dog detection/main/main_functions.cc:93:14: error: 'TAG' was not declared in this scope
   93 |     ESP_LOGI(TAG, "Create timer and operator");
      |              ^~~
/home/isaias/esp/idf/esp-idf/components/log/include/esp_log.h:421:81: note: in definition of macro 'ESP_LOG_LEVEL'
  421 |         else                                { esp_log_write(ESP_LOG_INFO,       tag, LOG_FORMAT(I, format), esp_log_timestamp(), tag __VA_OPT__(,) __VA_ARGS__); } \
      |                                                                                 ^~~
/home/isaias/esp/idf/esp-idf/components/log/include/esp_log.h:361:38: note: in expansion of macro 'ESP_LOG_LEVEL_LOCAL'
  361 | #define ESP_LOGI( tag, format, ... ) ESP_LOG_LEVEL_LOCAL(ESP_LOG_INFO,    tag, format __VA_OPT__(,) __VA_ARGS__)
      |                                      ^~~~~~~~~~~~~~~~~~~
/home/isaias/esp-tflite-micro/dog detection/main/main_functions.cc:93:5: note: in expansion of macro 'ESP_LOGI'
   93 |     ESP_LOGI(TAG, "Create timer and operator");
      |     ^~~~~~~~
/home/isaias/esp-tflite-micro/dog detection/main/main_functions.cc:94:5: error: 'mcpwm_timer_handle_t' was not declared in this scope; did you mean 'esp_timer_handle_t'?
   94 |     mcpwm_timer_handle_t timer = NULL;
      |     ^~~~~~~~~~~~~~~~~~~~
      |     esp_timer_handle_t
/home/isaias/esp-tflite-micro/dog detection/main/main_functions.cc:95:5: error: 'mcpwm_timer_config_t' was not declared in this scope
   95 |     mcpwm_timer_config_t timer_config;
      |     ^~~~~~~~~~~~~~~~~~~~
/home/isaias/esp-tflite-micro/dog detection/main/main_functions.cc:96:5: error: 'timer_config' was not declared in this scope
   96 |     timer_config.group_id = 0;
      |     ^~~~~~~~~~~~
/home/isaias/esp-tflite-micro/dog detection/main/main_functions.cc:97:28: error: 'MCPWM_TIMER_CLK_SRC_DEFAULT' was not declared in this scope
   97 |     timer_config.clk_src = MCPWM_TIMER_CLK_SRC_DEFAULT;
      |                            ^~~~~~~~~~~~~~~~~~~~~~~~~~~
/home/isaias/esp-tflite-micro/dog detection/main/main_functions.cc:98:34: error: 'SERVO_TIMEBASE_RESOLUTION_HZ' was not declared in this scope
   98 |     timer_config.resolution_hz = SERVO_TIMEBASE_RESOLUTION_HZ;
      |                                  ^~~~~~~~~~~~~~~~~~~~~~~~~~~~
/home/isaias/esp-tflite-micro/dog detection/main/main_functions.cc:99:33: error: 'SERVO_TIMEBASE_PERIOD' was not declared in this scope
   99 |     timer_config.period_ticks = SERVO_TIMEBASE_PERIOD;
      |                                 ^~~~~~~~~~~~~~~~~~~~~
/home/isaias/esp-tflite-micro/dog detection/main/main_functions.cc:100:31: error: 'MCPWM_TIMER_COUNT_MODE_UP' was not declared in this scope
  100 |     timer_config.count_mode = MCPWM_TIMER_COUNT_MODE_UP;
      |                               ^~~~~~~~~~~~~~~~~~~~~~~~~
In file included from /home/isaias/esp/idf/esp-idf/components/esp_hw_support/include/esp_intr_alloc.h:12,
                 from /home/isaias/esp/idf/esp-idf/components/esp_hw_support/include/esp_cpu.h:20,
                 from /home/isaias/esp/idf/esp-idf/components/esp_hw_support/include/spinlock.h:11,
                 from /home/isaias/esp/idf/esp-idf/components/freertos/FreeRTOS-Kernel/portable/xtensa/include/freertos/portmacro.h:49,
                 from /home/isaias/esp/idf/esp-idf/components/freertos/FreeRTOS-Kernel/include/freertos/portable.h:57,
                 from /home/isaias/esp/idf/esp-idf/components/freertos/FreeRTOS-Kernel/include/freertos/FreeRTOS.h:69,
                 from /home/isaias/esp-tflite-micro/dog detection/main/main_functions.cc:27:
/home/isaias/esp-tflite-micro/dog detection/main/main_functions.cc:101:53: error: 'timer' was not declared in this scope; did you mean 'time'?
  101 |     ESP_ERROR_CHECK(mcpwm_new_timer(&timer_config, &timer));
      |                                                     ^~~~~
/home/isaias/esp/idf/esp-idf/components/esp_common/include/esp_err.h:116:30: note: in definition of macro 'ESP_ERROR_CHECK'
  116 |         esp_err_t err_rc_ = (x);                                        \
      |                              ^
/home/isaias/esp-tflite-micro/dog detection/main/main_functions.cc:101:21: error: 'mcpwm_new_timer' was not declared in this scope
  101 |     ESP_ERROR_CHECK(mcpwm_new_timer(&timer_config, &timer));
      |                     ^~~~~~~~~~~~~~~
/home/isaias/esp/idf/esp-idf/components/esp_common/include/esp_err.h:116:30: note: in definition of macro 'ESP_ERROR_CHECK'
  116 |         esp_err_t err_rc_ = (x);                                        \
      |                              ^
/home/isaias/esp-tflite-micro/dog detection/main/main_functions.cc:103:5: error: 'mcpwm_oper_handle_t' was not declared in this scope
  103 |     mcpwm_oper_handle_t oper = NULL;
      |     ^~~~~~~~~~~~~~~~~~~
/home/isaias/esp-tflite-micro/dog detection/main/main_functions.cc:104:5: error: 'mcpwm_operator_config_t' was not declared in this scope
  104 |     mcpwm_operator_config_t operator_config;
      |     ^~~~~~~~~~~~~~~~~~~~~~~
/home/isaias/esp-tflite-micro/dog detection/main/main_functions.cc:105:5: error: 'operator_config' was not declared in this scope
  105 |     operator_config.group_id = 0; // El operador debe estar en el mismo grupo que el temporizador
      |     ^~~~~~~~~~~~~~~
/home/isaias/esp-tflite-micro/dog detection/main/main_functions.cc:106:59: error: 'oper' was not declared in this scope
  106 |     ESP_ERROR_CHECK(mcpwm_new_operator(&operator_config, &oper));
      |                                                           ^~~~
/home/isaias/esp/idf/esp-idf/components/esp_common/include/esp_err.h:116:30: note: in definition of macro 'ESP_ERROR_CHECK'
  116 |         esp_err_t err_rc_ = (x);                                        \
      |                              ^
/home/isaias/esp-tflite-micro/dog detection/main/main_functions.cc:106:21: error: 'mcpwm_new_operator' was not declared in this scope
  106 |     ESP_ERROR_CHECK(mcpwm_new_operator(&operator_config, &oper));
      |                     ^~~~~~~~~~~~~~~~~~
/home/isaias/esp/idf/esp-idf/components/esp_common/include/esp_err.h:116:30: note: in definition of macro 'ESP_ERROR_CHECK'
  116 |         esp_err_t err_rc_ = (x);                                        \
      |                              ^
/home/isaias/esp-tflite-micro/dog detection/main/main_functions.cc:108:14: error: 'TAG' was not declared in this scope
  108 |     ESP_LOGI(TAG, "Connect timer and operator");
      |              ^~~
/home/isaias/esp/idf/esp-idf/components/log/include/esp_log.h:417:81: note: in definition of macro 'ESP_LOG_LEVEL'
  417 |         if (level==ESP_LOG_ERROR )          { esp_log_write(ESP_LOG_ERROR,      tag, LOG_FORMAT(E, format), esp_log_timestamp(), tag __VA_OPT__(,) __VA_ARGS__); } \
      |                                                                                 ^~~
/home/isaias/esp/idf/esp-idf/components/log/include/esp_log.h:361:38: note: in expansion of macro 'ESP_LOG_LEVEL_LOCAL'
  361 | #define ESP_LOGI( tag, format, ... ) ESP_LOG_LEVEL_LOCAL(ESP_LOG_INFO,    tag, format __VA_OPT__(,) __VA_ARGS__)
      |                                      ^~~~~~~~~~~~~~~~~~~
/home/isaias/esp-tflite-micro/dog detection/main/main_functions.cc:108:5: note: in expansion of macro 'ESP_LOGI'
  108 |     ESP_LOGI(TAG, "Connect timer and operator");
      |     ^~~~~~~~
/home/isaias/esp-tflite-micro/dog detection/main/main_functions.cc:108:14: error: 'TAG' was not declared in this scope
  108 |     ESP_LOGI(TAG, "Connect timer and operator");
      |              ^~~
/home/isaias/esp/idf/esp-idf/components/log/include/esp_log.h:418:81: note: in definition of macro 'ESP_LOG_LEVEL'
  418 |         else if (level==ESP_LOG_WARN )      { esp_log_write(ESP_LOG_WARN,       tag, LOG_FORMAT(W, format), esp_log_timestamp(), tag __VA_OPT__(,) __VA_ARGS__); } \
      |                                                                                 ^~~
/home/isaias/esp/idf/esp-idf/components/log/include/esp_log.h:361:38: note: in expansion of macro 'ESP_LOG_LEVEL_LOCAL'
  361 | #define ESP_LOGI( tag, format, ... ) ESP_LOG_LEVEL_LOCAL(ESP_LOG_INFO,    tag, format __VA_OPT__(,) __VA_ARGS__)
      |                                      ^~~~~~~~~~~~~~~~~~~
/home/isaias/esp-tflite-micro/dog detection/main/main_functions.cc:108:5: note: in expansion of macro 'ESP_LOGI'
  108 |     ESP_LOGI(TAG, "Connect timer and operator");
      |     ^~~~~~~~
/home/isaias/esp-tflite-micro/dog detection/main/main_functions.cc:108:14: error: 'TAG' was not declared in this scope
  108 |     ESP_LOGI(TAG, "Connect timer and operator");
      |              ^~~
/home/isaias/esp/idf/esp-idf/components/log/include/esp_log.h:419:81: note: in definition of macro 'ESP_LOG_LEVEL'
  419 |         else if (level==ESP_LOG_DEBUG )     { esp_log_write(ESP_LOG_DEBUG,      tag, LOG_FORMAT(D, format), esp_log_timestamp(), tag __VA_OPT__(,) __VA_ARGS__); } \
      |                                                                                 ^~~
/home/isaias/esp/idf/esp-idf/components/log/include/esp_log.h:361:38: note: in expansion of macro 'ESP_LOG_LEVEL_LOCAL'
  361 | #define ESP_LOGI( tag, format, ... ) ESP_LOG_LEVEL_LOCAL(ESP_LOG_INFO,    tag, format __VA_OPT__(,) __VA_ARGS__)
      |                                      ^~~~~~~~~~~~~~~~~~~
/home/isaias/esp-tflite-micro/dog detection/main/main_functions.cc:108:5: note: in expansion of macro 'ESP_LOGI'
  108 |     ESP_LOGI(TAG, "Connect timer and operator");
      |     ^~~~~~~~
/home/isaias/esp-tflite-micro/dog detection/main/main_functions.cc:108:14: error: 'TAG' was not declared in this scope
  108 |     ESP_LOGI(TAG, "Connect timer and operator");
      |              ^~~
/home/isaias/esp/idf/esp-idf/components/log/include/esp_log.h:420:81: note: in definition of macro 'ESP_LOG_LEVEL'
  420 |         else if (level==ESP_LOG_VERBOSE )   { esp_log_write(ESP_LOG_VERBOSE,    tag, LOG_FORMAT(V, format), esp_log_timestamp(), tag __VA_OPT__(,) __VA_ARGS__); } \
      |                                                                                 ^~~
/home/isaias/esp/idf/esp-idf/components/log/include/esp_log.h:361:38: note: in expansion of macro 'ESP_LOG_LEVEL_LOCAL'
  361 | #define ESP_LOGI( tag, format, ... ) ESP_LOG_LEVEL_LOCAL(ESP_LOG_INFO,    tag, format __VA_OPT__(,) __VA_ARGS__)
      |                                      ^~~~~~~~~~~~~~~~~~~
/home/isaias/esp-tflite-micro/dog detection/main/main_functions.cc:108:5: note: in expansion of macro 'ESP_LOGI'
  108 |     ESP_LOGI(TAG, "Connect timer and operator");
      |     ^~~~~~~~
/home/isaias/esp-tflite-micro/dog detection/main/main_functions.cc:108:14: error: 'TAG' was not declared in this scope
  108 |     ESP_LOGI(TAG, "Connect timer and operator");
      |              ^~~
/home/isaias/esp/idf/esp-idf/components/log/include/esp_log.h:421:81: note: in definition of macro 'ESP_LOG_LEVEL'
  421 |         else                                { esp_log_write(ESP_LOG_INFO,       tag, LOG_FORMAT(I, format), esp_log_timestamp(), tag __VA_OPT__(,) __VA_ARGS__); } \
      |                                                                                 ^~~
/home/isaias/esp/idf/esp-idf/components/log/include/esp_log.h:361:38: note: in expansion of macro 'ESP_LOG_LEVEL_LOCAL'
  361 | #define ESP_LOGI( tag, format, ... ) ESP_LOG_LEVEL_LOCAL(ESP_LOG_INFO,    tag, format __VA_OPT__(,) __VA_ARGS__)
      |                                      ^~~~~~~~~~~~~~~~~~~
/home/isaias/esp-tflite-micro/dog detection/main/main_functions.cc:108:5: note: in expansion of macro 'ESP_LOGI'
  108 |     ESP_LOGI(TAG, "Connect timer and operator");
      |     ^~~~~~~~
/home/isaias/esp-tflite-micro/dog detection/main/main_functions.cc:109:50: error: 'oper' was not declared in this scope
  109 |     ESP_ERROR_CHECK(mcpwm_operator_connect_timer(oper, timer));
      |                                                  ^~~~
/home/isaias/esp/idf/esp-idf/components/esp_common/include/esp_err.h:116:30: note: in definition of macro 'ESP_ERROR_CHECK'
  116 |         esp_err_t err_rc_ = (x);                                        \
      |                              ^
/home/isaias/esp-tflite-micro/dog detection/main/main_functions.cc:109:56: error: 'timer' was not declared in this scope; did you mean 'time'?
  109 |     ESP_ERROR_CHECK(mcpwm_operator_connect_timer(oper, timer));
      |                                                        ^~~~~
/home/isaias/esp/idf/esp-idf/components/esp_common/include/esp_err.h:116:30: note: in definition of macro 'ESP_ERROR_CHECK'
  116 |         esp_err_t err_rc_ = (x);                                        \
      |                              ^
/home/isaias/esp-tflite-micro/dog detection/main/main_functions.cc:109:21: error: 'mcpwm_operator_connect_timer' was not declared in this scope
  109 |     ESP_ERROR_CHECK(mcpwm_operator_connect_timer(oper, timer));
      |                     ^~~~~~~~~~~~~~~~~~~~~~~~~~~~
/home/isaias/esp/idf/esp-idf/components/esp_common/include/esp_err.h:116:30: note: in definition of macro 'ESP_ERROR_CHECK'
  116 |         esp_err_t err_rc_ = (x);                                        \
      |                              ^
/home/isaias/esp-tflite-micro/dog detection/main/main_functions.cc:111:14: error: 'TAG' was not declared in this scope
  111 |     ESP_LOGI(TAG, "Create comparator and generator from the operator");
      |              ^~~
/home/isaias/esp/idf/esp-idf/components/log/include/esp_log.h:417:81: note: in definition of macro 'ESP_LOG_LEVEL'
  417 |         if (level==ESP_LOG_ERROR )          { esp_log_write(ESP_LOG_ERROR,      tag, LOG_FORMAT(E, format), esp_log_timestamp(), tag __VA_OPT__(,) __VA_ARGS__); } \
      |                                                                                 ^~~
/home/isaias/esp/idf/esp-idf/components/log/include/esp_log.h:361:38: note: in expansion of macro 'ESP_LOG_LEVEL_LOCAL'
  361 | #define ESP_LOGI( tag, format, ... ) ESP_LOG_LEVEL_LOCAL(ESP_LOG_INFO,    tag, format __VA_OPT__(,) __VA_ARGS__)
      |                                      ^~~~~~~~~~~~~~~~~~~
/home/isaias/esp-tflite-micro/dog detection/main/main_functions.cc:111:5: note: in expansion of macro 'ESP_LOGI'
  111 |     ESP_LOGI(TAG, "Create comparator and generator from the operator");
      |     ^~~~~~~~
/home/isaias/esp-tflite-micro/dog detection/main/main_functions.cc:111:14: error: 'TAG' was not declared in this scope
  111 |     ESP_LOGI(TAG, "Create comparator and generator from the operator");
      |              ^~~
/home/isaias/esp/idf/esp-idf/components/log/include/esp_log.h:418:81: note: in definition of macro 'ESP_LOG_LEVEL'
  418 |         else if (level==ESP_LOG_WARN )      { esp_log_write(ESP_LOG_WARN,       tag, LOG_FORMAT(W, format), esp_log_timestamp(), tag __VA_OPT__(,) __VA_ARGS__); } \
      |                                                                                 ^~~
/home/isaias/esp/idf/esp-idf/components/log/include/esp_log.h:361:38: note: in expansion of macro 'ESP_LOG_LEVEL_LOCAL'
  361 | #define ESP_LOGI( tag, format, ... ) ESP_LOG_LEVEL_LOCAL(ESP_LOG_INFO,    tag, format __VA_OPT__(,) __VA_ARGS__)
      |                                      ^~~~~~~~~~~~~~~~~~~
/home/isaias/esp-tflite-micro/dog detection/main/main_functions.cc:111:5: note: in expansion of macro 'ESP_LOGI'
  111 |     ESP_LOGI(TAG, "Create comparator and generator from the operator");
      |     ^~~~~~~~
/home/isaias/esp-tflite-micro/dog detection/main/main_functions.cc:111:14: error: 'TAG' was not declared in this scope
  111 |     ESP_LOGI(TAG, "Create comparator and generator from the operator");
      |              ^~~
/home/isaias/esp/idf/esp-idf/components/log/include/esp_log.h:419:81: note: in definition of macro 'ESP_LOG_LEVEL'
  419 |         else if (level==ESP_LOG_DEBUG )     { esp_log_write(ESP_LOG_DEBUG,      tag, LOG_FORMAT(D, format), esp_log_timestamp(), tag __VA_OPT__(,) __VA_ARGS__); } \
      |                                                                                 ^~~
/home/isaias/esp/idf/esp-idf/components/log/include/esp_log.h:361:38: note: in expansion of macro 'ESP_LOG_LEVEL_LOCAL'
  361 | #define ESP_LOGI( tag, format, ... ) ESP_LOG_LEVEL_LOCAL(ESP_LOG_INFO,    tag, format __VA_OPT__(,) __VA_ARGS__)
      |                                      ^~~~~~~~~~~~~~~~~~~
/home/isaias/esp-tflite-micro/dog detection/main/main_functions.cc:111:5: note: in expansion of macro 'ESP_LOGI'
  111 |     ESP_LOGI(TAG, "Create comparator and generator from the operator");
      |     ^~~~~~~~
/home/isaias/esp-tflite-micro/dog detection/main/main_functions.cc:111:14: error: 'TAG' was not declared in this scope
  111 |     ESP_LOGI(TAG, "Create comparator and generator from the operator");
      |              ^~~
/home/isaias/esp/idf/esp-idf/components/log/include/esp_log.h:420:81: note: in definition of macro 'ESP_LOG_LEVEL'
  420 |         else if (level==ESP_LOG_VERBOSE )   { esp_log_write(ESP_LOG_VERBOSE,    tag, LOG_FORMAT(V, format), esp_log_timestamp(), tag __VA_OPT__(,) __VA_ARGS__); } \
      |                                                                                 ^~~
/home/isaias/esp/idf/esp-idf/components/log/include/esp_log.h:361:38: note: in expansion of macro 'ESP_LOG_LEVEL_LOCAL'
  361 | #define ESP_LOGI( tag, format, ... ) ESP_LOG_LEVEL_LOCAL(ESP_LOG_INFO,    tag, format __VA_OPT__(,) __VA_ARGS__)
      |                                      ^~~~~~~~~~~~~~~~~~~
/home/isaias/esp-tflite-micro/dog detection/main/main_functions.cc:111:5: note: in expansion of macro 'ESP_LOGI'
  111 |     ESP_LOGI(TAG, "Create comparator and generator from the operator");
      |     ^~~~~~~~
/home/isaias/esp-tflite-micro/dog detection/main/main_functions.cc:111:14: error: 'TAG' was not declared in this scope
  111 |     ESP_LOGI(TAG, "Create comparator and generator from the operator");
      |              ^~~
/home/isaias/esp/idf/esp-idf/components/log/include/esp_log.h:421:81: note: in definition of macro 'ESP_LOG_LEVEL'
  421 |         else                                { esp_log_write(ESP_LOG_INFO,       tag, LOG_FORMAT(I, format), esp_log_timestamp(), tag __VA_OPT__(,) __VA_ARGS__); } \
      |                                                                                 ^~~
/home/isaias/esp/idf/esp-idf/components/log/include/esp_log.h:361:38: note: in expansion of macro 'ESP_LOG_LEVEL_LOCAL'
  361 | #define ESP_LOGI( tag, format, ... ) ESP_LOG_LEVEL_LOCAL(ESP_LOG_INFO,    tag, format __VA_OPT__(,) __VA_ARGS__)
      |                                      ^~~~~~~~~~~~~~~~~~~
/home/isaias/esp-tflite-micro/dog detection/main/main_functions.cc:111:5: note: in expansion of macro 'ESP_LOGI'
  111 |     ESP_LOGI(TAG, "Create comparator and generator from the operator");
      |     ^~~~~~~~
/home/isaias/esp-tflite-micro/dog detection/main/main_functions.cc:112:5: error: 'mcpwm_comparator_config_t' was not declared in this scope
  112 |     mcpwm_comparator_config_t comparator_config;
      |     ^~~~~~~~~~~~~~~~~~~~~~~~~
/home/isaias/esp-tflite-micro/dog detection/main/main_functions.cc:113:5: error: 'comparator_config' was not declared in this scope
  113 |     comparator_config.flags.update_cmp_on_tez = true;
      |     ^~~~~~~~~~~~~~~~~
/home/isaias/esp-tflite-micro/dog detection/main/main_functions.cc:115:42: error: 'oper' was not declared in this scope
  115 |     ESP_ERROR_CHECK(mcpwm_new_comparator(oper, &comparator_config, &comparator));
      |                                          ^~~~
/home/isaias/esp/idf/esp-idf/components/esp_common/include/esp_err.h:116:30: note: in definition of macro 'ESP_ERROR_CHECK'
  116 |         esp_err_t err_rc_ = (x);                                        \
      |                              ^
/home/isaias/esp-tflite-micro/dog detection/main/main_functions.cc:115:69: error: 'comparator' was not declared in this scope
  115 |     ESP_ERROR_CHECK(mcpwm_new_comparator(oper, &comparator_config, &comparator));
      |                                                                     ^~~~~~~~~~
/home/isaias/esp/idf/esp-idf/components/esp_common/include/esp_err.h:116:30: note: in definition of macro 'ESP_ERROR_CHECK'
  116 |         esp_err_t err_rc_ = (x);                                        \
      |                              ^
/home/isaias/esp-tflite-micro/dog detection/main/main_functions.cc:115:21: error: 'mcpwm_new_comparator' was not declared in this scope
  115 |     ESP_ERROR_CHECK(mcpwm_new_comparator(oper, &comparator_config, &comparator));
      |                     ^~~~~~~~~~~~~~~~~~~~
/home/isaias/esp/idf/esp-idf/components/esp_common/include/esp_err.h:116:30: note: in definition of macro 'ESP_ERROR_CHECK'
  116 |         esp_err_t err_rc_ = (x);                                        \
      |                              ^
/home/isaias/esp-tflite-micro/dog detection/main/main_functions.cc:117:5: error: 'mcpwm_generator_config_t' was not declared in this scope
  117 |     mcpwm_generator_config_t generator_config;
      |     ^~~~~~~~~~~~~~~~~~~~~~~~
/home/isaias/esp-tflite-micro/dog detection/main/main_functions.cc:118:5: error: 'generator_config' was not declared in this scope
  118 |     generator_config.gen_gpio_num = SERVO_PULSE_GPIO;
      |     ^~~~~~~~~~~~~~~~
/home/isaias/esp-tflite-micro/dog detection/main/main_functions.cc:118:37: error: 'SERVO_PULSE_GPIO' was not declared in this scope
  118 |     generator_config.gen_gpio_num = SERVO_PULSE_GPIO;
      |                                     ^~~~~~~~~~~~~~~~
/home/isaias/esp-tflite-micro/dog detection/main/main_functions.cc:119:5: error: 'mcpwm_gen_handle_t' was not declared in this scope
  119 |     mcpwm_gen_handle_t generator = NULL;
      |     ^~~~~~~~~~~~~~~~~~
/home/isaias/esp-tflite-micro/dog detection/main/main_functions.cc:120:41: error: 'oper' was not declared in this scope
  120 |     ESP_ERROR_CHECK(mcpwm_new_generator(oper, &generator_config, &generator));
      |                                         ^~~~
/home/isaias/esp/idf/esp-idf/components/esp_common/include/esp_err.h:116:30: note: in definition of macro 'ESP_ERROR_CHECK'
  116 |         esp_err_t err_rc_ = (x);                                        \
      |                              ^
/home/isaias/esp-tflite-micro/dog detection/main/main_functions.cc:120:67: error: 'generator' was not declared in this scope
  120 |     ESP_ERROR_CHECK(mcpwm_new_generator(oper, &generator_config, &generator));
      |                                                                   ^~~~~~~~~
/home/isaias/esp/idf/esp-idf/components/esp_common/include/esp_err.h:116:30: note: in definition of macro 'ESP_ERROR_CHECK'
  116 |         esp_err_t err_rc_ = (x);                                        \
      |                              ^
/home/isaias/esp-tflite-micro/dog detection/main/main_functions.cc:120:21: error: 'mcpwm_new_generator' was not declared in this scope
  120 |     ESP_ERROR_CHECK(mcpwm_new_generator(oper, &generator_config, &generator));
      |                     ^~~~~~~~~~~~~~~~~~~
/home/isaias/esp/idf/esp-idf/components/esp_common/include/esp_err.h:116:30: note: in definition of macro 'ESP_ERROR_CHECK'
  116 |         esp_err_t err_rc_ = (x);                                        \
      |                              ^
/home/isaias/esp-tflite-micro/dog detection/main/main_functions.cc:123:56: error: 'comparator' was not declared in this scope
  123 |     ESP_ERROR_CHECK(mcpwm_comparator_set_compare_value(comparator, example_angle_to_compare(0)));
      |                                                        ^~~~~~~~~~
/home/isaias/esp/idf/esp-idf/components/esp_common/include/esp_err.h:116:30: note: in definition of macro 'ESP_ERROR_CHECK'
  116 |         esp_err_t err_rc_ = (x);                                        \
      |                              ^
/home/isaias/esp-tflite-micro/dog detection/main/main_functions.cc:123:68: error: 'example_angle_to_compare' was not declared in this scope
  123 |     ESP_ERROR_CHECK(mcpwm_comparator_set_compare_value(comparator, example_angle_to_compare(0)));
      |                                                                    ^~~~~~~~~~~~~~~~~~~~~~~~
/home/isaias/esp/idf/esp-idf/components/esp_common/include/esp_err.h:116:30: note: in definition of macro 'ESP_ERROR_CHECK'
  116 |         esp_err_t err_rc_ = (x);                                        \
      |                              ^
/home/isaias/esp-tflite-micro/dog detection/main/main_functions.cc:123:21: error: 'mcpwm_comparator_set_compare_value' was not declared in this scope
  123 |     ESP_ERROR_CHECK(mcpwm_comparator_set_compare_value(comparator, example_angle_to_compare(0)));
      |                     ^~~~~~~~~~~~~~~~~~~~~~~~~~~~~~~~~~
/home/isaias/esp/idf/esp-idf/components/esp_common/include/esp_err.h:116:30: note: in definition of macro 'ESP_ERROR_CHECK'
  116 |         esp_err_t err_rc_ = (x);                                        \
      |                              ^
/home/isaias/esp-tflite-micro/dog detection/main/main_functions.cc:125:14: error: 'TAG' was not declared in this scope
  125 |     ESP_LOGI(TAG, "Set generator action on timer and compare event");
      |              ^~~
/home/isaias/esp/idf/esp-idf/components/log/include/esp_log.h:417:81: note: in definition of macro 'ESP_LOG_LEVEL'
  417 |         if (level==ESP_LOG_ERROR )          { esp_log_write(ESP_LOG_ERROR,      tag, LOG_FORMAT(E, format), esp_log_timestamp(), tag __VA_OPT__(,) __VA_ARGS__); } \
      |                                                                                 ^~~
/home/isaias/esp/idf/esp-idf/components/log/include/esp_log.h:361:38: note: in expansion of macro 'ESP_LOG_LEVEL_LOCAL'
  361 | #define ESP_LOGI( tag, format, ... ) ESP_LOG_LEVEL_LOCAL(ESP_LOG_INFO,    tag, format __VA_OPT__(,) __VA_ARGS__)
      |                                      ^~~~~~~~~~~~~~~~~~~
/home/isaias/esp-tflite-micro/dog detection/main/main_functions.cc:125:5: note: in expansion of macro 'ESP_LOGI'
  125 |     ESP_LOGI(TAG, "Set generator action on timer and compare event");
      |     ^~~~~~~~
/home/isaias/esp-tflite-micro/dog detection/main/main_functions.cc:125:14: error: 'TAG' was not declared in this scope
  125 |     ESP_LOGI(TAG, "Set generator action on timer and compare event");
      |              ^~~
/home/isaias/esp/idf/esp-idf/components/log/include/esp_log.h:418:81: note: in definition of macro 'ESP_LOG_LEVEL'
  418 |         else if (level==ESP_LOG_WARN )      { esp_log_write(ESP_LOG_WARN,       tag, LOG_FORMAT(W, format), esp_log_timestamp(), tag __VA_OPT__(,) __VA_ARGS__); } \
      |                                                                                 ^~~
/home/isaias/esp/idf/esp-idf/components/log/include/esp_log.h:361:38: note: in expansion of macro 'ESP_LOG_LEVEL_LOCAL'
  361 | #define ESP_LOGI( tag, format, ... ) ESP_LOG_LEVEL_LOCAL(ESP_LOG_INFO,    tag, format __VA_OPT__(,) __VA_ARGS__)
      |                                      ^~~~~~~~~~~~~~~~~~~
/home/isaias/esp-tflite-micro/dog detection/main/main_functions.cc:125:5: note: in expansion of macro 'ESP_LOGI'
  125 |     ESP_LOGI(TAG, "Set generator action on timer and compare event");
      |     ^~~~~~~~
/home/isaias/esp-tflite-micro/dog detection/main/main_functions.cc:125:14: error: 'TAG' was not declared in this scope
  125 |     ESP_LOGI(TAG, "Set generator action on timer and compare event");
      |              ^~~
/home/isaias/esp/idf/esp-idf/components/log/include/esp_log.h:419:81: note: in definition of macro 'ESP_LOG_LEVEL'
  419 |         else if (level==ESP_LOG_DEBUG )     { esp_log_write(ESP_LOG_DEBUG,      tag, LOG_FORMAT(D, format), esp_log_timestamp(), tag __VA_OPT__(,) __VA_ARGS__); } \
      |                                                                                 ^~~
/home/isaias/esp/idf/esp-idf/components/log/include/esp_log.h:361:38: note: in expansion of macro 'ESP_LOG_LEVEL_LOCAL'
  361 | #define ESP_LOGI( tag, format, ... ) ESP_LOG_LEVEL_LOCAL(ESP_LOG_INFO,    tag, format __VA_OPT__(,) __VA_ARGS__)
      |                                      ^~~~~~~~~~~~~~~~~~~
/home/isaias/esp-tflite-micro/dog detection/main/main_functions.cc:125:5: note: in expansion of macro 'ESP_LOGI'
  125 |     ESP_LOGI(TAG, "Set generator action on timer and compare event");
      |     ^~~~~~~~
/home/isaias/esp-tflite-micro/dog detection/main/main_functions.cc:125:14: error: 'TAG' was not declared in this scope
  125 |     ESP_LOGI(TAG, "Set generator action on timer and compare event");
      |              ^~~
/home/isaias/esp/idf/esp-idf/components/log/include/esp_log.h:420:81: note: in definition of macro 'ESP_LOG_LEVEL'
  420 |         else if (level==ESP_LOG_VERBOSE )   { esp_log_write(ESP_LOG_VERBOSE,    tag, LOG_FORMAT(V, format), esp_log_timestamp(), tag __VA_OPT__(,) __VA_ARGS__); } \
      |                                                                                 ^~~
/home/isaias/esp/idf/esp-idf/components/log/include/esp_log.h:361:38: note: in expansion of macro 'ESP_LOG_LEVEL_LOCAL'
  361 | #define ESP_LOGI( tag, format, ... ) ESP_LOG_LEVEL_LOCAL(ESP_LOG_INFO,    tag, format __VA_OPT__(,) __VA_ARGS__)
      |                                      ^~~~~~~~~~~~~~~~~~~
/home/isaias/esp-tflite-micro/dog detection/main/main_functions.cc:125:5: note: in expansion of macro 'ESP_LOGI'
  125 |     ESP_LOGI(TAG, "Set generator action on timer and compare event");
      |     ^~~~~~~~
/home/isaias/esp-tflite-micro/dog detection/main/main_functions.cc:125:14: error: 'TAG' was not declared in this scope
  125 |     ESP_LOGI(TAG, "Set generator action on timer and compare event");
      |              ^~~
/home/isaias/esp/idf/esp-idf/components/log/include/esp_log.h:421:81: note: in definition of macro 'ESP_LOG_LEVEL'
  421 |         else                                { esp_log_write(ESP_LOG_INFO,       tag, LOG_FORMAT(I, format), esp_log_timestamp(), tag __VA_OPT__(,) __VA_ARGS__); } \
      |                                                                                 ^~~
/home/isaias/esp/idf/esp-idf/components/log/include/esp_log.h:361:38: note: in expansion of macro 'ESP_LOG_LEVEL_LOCAL'
  361 | #define ESP_LOGI( tag, format, ... ) ESP_LOG_LEVEL_LOCAL(ESP_LOG_INFO,    tag, format __VA_OPT__(,) __VA_ARGS__)
      |                                      ^~~~~~~~~~~~~~~~~~~
/home/isaias/esp-tflite-micro/dog detection/main/main_functions.cc:125:5: note: in expansion of macro 'ESP_LOGI'
  125 |     ESP_LOGI(TAG, "Set generator action on timer and compare event");
      |     ^~~~~~~~
/home/isaias/esp-tflite-micro/dog detection/main/main_functions.cc:127:63: error: 'generator' was not declared in this scope
  127 |     ESP_ERROR_CHECK(mcpwm_generator_set_action_on_timer_event(generator,
      |                                                               ^~~~~~~~~
/home/isaias/esp/idf/esp-idf/components/esp_common/include/esp_err.h:116:30: note: in definition of macro 'ESP_ERROR_CHECK'
  116 |         esp_err_t err_rc_ = (x);                                        \
      |                              ^
/home/isaias/esp-tflite-micro/dog detection/main/main_functions.cc:128:92: error: 'MCPWM_TIMER_DIRECTION_UP' was not declared in this scope
  128 |                                                               MCPWM_GEN_TIMER_EVENT_ACTION(MCPWM_TIMER_DIRECTION_UP, MCPWM_TIMER_EVENT_EMPTY, MCPWM_GEN_ACTION_HIGH)));
      |                                                                                            ^~~~~~~~~~~~~~~~~~~~~~~~
/home/isaias/esp/idf/esp-idf/components/esp_common/include/esp_err.h:116:30: note: in definition of macro 'ESP_ERROR_CHECK'
  116 |         esp_err_t err_rc_ = (x);                                        \
      |                              ^
/home/isaias/esp-tflite-micro/dog detection/main/main_functions.cc:128:118: error: 'MCPWM_TIMER_EVENT_EMPTY' was not declared in this scope
  128 |                                                               MCPWM_GEN_TIMER_EVENT_ACTION(MCPWM_TIMER_DIRECTION_UP, MCPWM_TIMER_EVENT_EMPTY, MCPWM_GEN_ACTION_HIGH)));
      |                                                                                                                      ^~~~~~~~~~~~~~~~~~~~~~~
/home/isaias/esp/idf/esp-idf/components/esp_common/include/esp_err.h:116:30: note: in definition of macro 'ESP_ERROR_CHECK'
  116 |         esp_err_t err_rc_ = (x);                                        \
      |                              ^
/home/isaias/esp-tflite-micro/dog detection/main/main_functions.cc:128:143: error: 'MCPWM_GEN_ACTION_HIGH' was not declared in this scope
  128 |                                                               MCPWM_GEN_TIMER_EVENT_ACTION(MCPWM_TIMER_DIRECTION_UP, MCPWM_TIMER_EVENT_EMPTY, MCPWM_GEN_ACTION_HIGH)));
      |                                                                                                                                               ^~~~~~~~~~~~~~~~~~~~~
/home/isaias/esp/idf/esp-idf/components/esp_common/include/esp_err.h:116:30: note: in definition of macro 'ESP_ERROR_CHECK'
  116 |         esp_err_t err_rc_ = (x);                                        \
      |                              ^
/home/isaias/esp-tflite-micro/dog detection/main/main_functions.cc:128:63: error: 'MCPWM_GEN_TIMER_EVENT_ACTION' was not declared in this scope
  128 |                                                               MCPWM_GEN_TIMER_EVENT_ACTION(MCPWM_TIMER_DIRECTION_UP, MCPWM_TIMER_EVENT_EMPTY, MCPWM_GEN_ACTION_HIGH)));
      |                                                               ^~~~~~~~~~~~~~~~~~~~~~~~~~~~
/home/isaias/esp/idf/esp-idf/components/esp_common/include/esp_err.h:116:30: note: in definition of macro 'ESP_ERROR_CHECK'
  116 |         esp_err_t err_rc_ = (x);                                        \
      |                              ^
/home/isaias/esp-tflite-micro/dog detection/main/main_functions.cc:127:21: error: 'mcpwm_generator_set_action_on_timer_event' was not declared in this scope
  127 |     ESP_ERROR_CHECK(mcpwm_generator_set_action_on_timer_event(generator,
      |                     ^~~~~~~~~~~~~~~~~~~~~~~~~~~~~~~~~~~~~~~~~
/home/isaias/esp/idf/esp-idf/components/esp_common/include/esp_err.h:116:30: note: in definition of macro 'ESP_ERROR_CHECK'
  116 |         esp_err_t err_rc_ = (x);                                        \
      |                              ^
/home/isaias/esp-tflite-micro/dog detection/main/main_functions.cc:130:65: error: 'generator' was not declared in this scope
  130 |     ESP_ERROR_CHECK(mcpwm_generator_set_action_on_compare_event(generator,
      |                                                                 ^~~~~~~~~
/home/isaias/esp/idf/esp-idf/components/esp_common/include/esp_err.h:116:30: note: in definition of macro 'ESP_ERROR_CHECK'
  116 |         esp_err_t err_rc_ = (x);                                        \
      |                              ^
/home/isaias/esp-tflite-micro/dog detection/main/main_functions.cc:131:96: error: 'MCPWM_TIMER_DIRECTION_UP' was not declared in this scope
  131 |                                                                 MCPWM_GEN_COMPARE_EVENT_ACTION(MCPWM_TIMER_DIRECTION_UP, comparator, MCPWM_GEN_ACTION_LOW)));
      |                                                                                                ^~~~~~~~~~~~~~~~~~~~~~~~
/home/isaias/esp/idf/esp-idf/components/esp_common/include/esp_err.h:116:30: note: in definition of macro 'ESP_ERROR_CHECK'
  116 |         esp_err_t err_rc_ = (x);                                        \
      |                              ^
/home/isaias/esp-tflite-micro/dog detection/main/main_functions.cc:131:122: error: 'comparator' was not declared in this scope
  131 |                                                                 MCPWM_GEN_COMPARE_EVENT_ACTION(MCPWM_TIMER_DIRECTION_UP, comparator, MCPWM_GEN_ACTION_LOW)));
      |                                                                                                                          ^~~~~~~~~~
/home/isaias/esp/idf/esp-idf/components/esp_common/include/esp_err.h:116:30: note: in definition of macro 'ESP_ERROR_CHECK'
  116 |         esp_err_t err_rc_ = (x);                                        \
      |                              ^
/home/isaias/esp-tflite-micro/dog detection/main/main_functions.cc:131:134: error: 'MCPWM_GEN_ACTION_LOW' was not declared in this scope
  131 |                                                                 MCPWM_GEN_COMPARE_EVENT_ACTION(MCPWM_TIMER_DIRECTION_UP, comparator, MCPWM_GEN_ACTION_LOW)));
      |                                                                                                                                      ^~~~~~~~~~~~~~~~~~~~
/home/isaias/esp/idf/esp-idf/components/esp_common/include/esp_err.h:116:30: note: in definition of macro 'ESP_ERROR_CHECK'
  116 |         esp_err_t err_rc_ = (x);                                        \
      |                              ^
/home/isaias/esp-tflite-micro/dog detection/main/main_functions.cc:131:65: error: 'MCPWM_GEN_COMPARE_EVENT_ACTION' was not declared in this scope
  131 |                                                                 MCPWM_GEN_COMPARE_EVENT_ACTION(MCPWM_TIMER_DIRECTION_UP, comparator, MCPWM_GEN_ACTION_LOW)));
      |                                                                 ^~~~~~~~~~~~~~~~~~~~~~~~~~~~~~
/home/isaias/esp/idf/esp-idf/components/esp_common/include/esp_err.h:116:30: note: in definition of macro 'ESP_ERROR_CHECK'
  116 |         esp_err_t err_rc_ = (x);                                        \
      |                              ^
/home/isaias/esp-tflite-micro/dog detection/main/main_functions.cc:130:21: error: 'mcpwm_generator_set_action_on_compare_event' was not declared in this scope
  130 |     ESP_ERROR_CHECK(mcpwm_generator_set_action_on_compare_event(generator,
      |                     ^~~~~~~~~~~~~~~~~~~~~~~~~~~~~~~~~~~~~~~~~~~
/home/isaias/esp/idf/esp-idf/components/esp_common/include/esp_err.h:116:30: note: in definition of macro 'ESP_ERROR_CHECK'
  116 |         esp_err_t err_rc_ = (x);                                        \
      |                              ^
/home/isaias/esp-tflite-micro/dog detection/main/main_functions.cc:133:14: error: 'TAG' was not declared in this scope
  133 |     ESP_LOGI(TAG, "Enable and start timer");
      |              ^~~
/home/isaias/esp/idf/esp-idf/components/log/include/esp_log.h:417:81: note: in definition of macro 'ESP_LOG_LEVEL'
  417 |         if (level==ESP_LOG_ERROR )          { esp_log_write(ESP_LOG_ERROR,      tag, LOG_FORMAT(E, format), esp_log_timestamp(), tag __VA_OPT__(,) __VA_ARGS__); } \
      |                                                                                 ^~~
/home/isaias/esp/idf/esp-idf/components/log/include/esp_log.h:361:38: note: in expansion of macro 'ESP_LOG_LEVEL_LOCAL'
  361 | #define ESP_LOGI( tag, format, ... ) ESP_LOG_LEVEL_LOCAL(ESP_LOG_INFO,    tag, format __VA_OPT__(,) __VA_ARGS__)
      |                                      ^~~~~~~~~~~~~~~~~~~
/home/isaias/esp-tflite-micro/dog detection/main/main_functions.cc:133:5: note: in expansion of macro 'ESP_LOGI'
  133 |     ESP_LOGI(TAG, "Enable and start timer");
      |     ^~~~~~~~
/home/isaias/esp-tflite-micro/dog detection/main/main_functions.cc:133:14: error: 'TAG' was not declared in this scope
  133 |     ESP_LOGI(TAG, "Enable and start timer");
      |              ^~~
/home/isaias/esp/idf/esp-idf/components/log/include/esp_log.h:418:81: note: in definition of macro 'ESP_LOG_LEVEL'
  418 |         else if (level==ESP_LOG_WARN )      { esp_log_write(ESP_LOG_WARN,       tag, LOG_FORMAT(W, format), esp_log_timestamp(), tag __VA_OPT__(,) __VA_ARGS__); } \
      |                                                                                 ^~~
/home/isaias/esp/idf/esp-idf/components/log/include/esp_log.h:361:38: note: in expansion of macro 'ESP_LOG_LEVEL_LOCAL'
  361 | #define ESP_LOGI( tag, format, ... ) ESP_LOG_LEVEL_LOCAL(ESP_LOG_INFO,    tag, format __VA_OPT__(,) __VA_ARGS__)
      |                                      ^~~~~~~~~~~~~~~~~~~
/home/isaias/esp-tflite-micro/dog detection/main/main_functions.cc:133:5: note: in expansion of macro 'ESP_LOGI'
  133 |     ESP_LOGI(TAG, "Enable and start timer");
      |     ^~~~~~~~
/home/isaias/esp-tflite-micro/dog detection/main/main_functions.cc:133:14: error: 'TAG' was not declared in this scope
  133 |     ESP_LOGI(TAG, "Enable and start timer");
      |              ^~~
/home/isaias/esp/idf/esp-idf/components/log/include/esp_log.h:419:81: note: in definition of macro 'ESP_LOG_LEVEL'
  419 |         else if (level==ESP_LOG_DEBUG )     { esp_log_write(ESP_LOG_DEBUG,      tag, LOG_FORMAT(D, format), esp_log_timestamp(), tag __VA_OPT__(,) __VA_ARGS__); } \
      |                                                                                 ^~~
/home/isaias/esp/idf/esp-idf/components/log/include/esp_log.h:361:38: note: in expansion of macro 'ESP_LOG_LEVEL_LOCAL'
  361 | #define ESP_LOGI( tag, format, ... ) ESP_LOG_LEVEL_LOCAL(ESP_LOG_INFO,    tag, format __VA_OPT__(,) __VA_ARGS__)
      |                                      ^~~~~~~~~~~~~~~~~~~
/home/isaias/esp-tflite-micro/dog detection/main/main_functions.cc:133:5: note: in expansion of macro 'ESP_LOGI'
  133 |     ESP_LOGI(TAG, "Enable and start timer");
      |     ^~~~~~~~
/home/isaias/esp-tflite-micro/dog detection/main/main_functions.cc:133:14: error: 'TAG' was not declared in this scope
  133 |     ESP_LOGI(TAG, "Enable and start timer");
      |              ^~~
/home/isaias/esp/idf/esp-idf/components/log/include/esp_log.h:420:81: note: in definition of macro 'ESP_LOG_LEVEL'
  420 |         else if (level==ESP_LOG_VERBOSE )   { esp_log_write(ESP_LOG_VERBOSE,    tag, LOG_FORMAT(V, format), esp_log_timestamp(), tag __VA_OPT__(,) __VA_ARGS__); } \
      |                                                                                 ^~~
/home/isaias/esp/idf/esp-idf/components/log/include/esp_log.h:361:38: note: in expansion of macro 'ESP_LOG_LEVEL_LOCAL'
  361 | #define ESP_LOGI( tag, format, ... ) ESP_LOG_LEVEL_LOCAL(ESP_LOG_INFO,    tag, format __VA_OPT__(,) __VA_ARGS__)
      |                                      ^~~~~~~~~~~~~~~~~~~
/home/isaias/esp-tflite-micro/dog detection/main/main_functions.cc:133:5: note: in expansion of macro 'ESP_LOGI'
  133 |     ESP_LOGI(TAG, "Enable and start timer");
      |     ^~~~~~~~
/home/isaias/esp-tflite-micro/dog detection/main/main_functions.cc:133:14: error: 'TAG' was not declared in this scope
  133 |     ESP_LOGI(TAG, "Enable and start timer");
      |              ^~~
/home/isaias/esp/idf/esp-idf/components/log/include/esp_log.h:421:81: note: in definition of macro 'ESP_LOG_LEVEL'
  421 |         else                                { esp_log_write(ESP_LOG_INFO,       tag, LOG_FORMAT(I, format), esp_log_timestamp(), tag __VA_OPT__(,) __VA_ARGS__); } \
      |                                                                                 ^~~
/home/isaias/esp/idf/esp-idf/components/log/include/esp_log.h:361:38: note: in expansion of macro 'ESP_LOG_LEVEL_LOCAL'
  361 | #define ESP_LOGI( tag, format, ... ) ESP_LOG_LEVEL_LOCAL(ESP_LOG_INFO,    tag, format __VA_OPT__(,) __VA_ARGS__)
      |                                      ^~~~~~~~~~~~~~~~~~~
/home/isaias/esp-tflite-micro/dog detection/main/main_functions.cc:133:5: note: in expansion of macro 'ESP_LOGI'
  133 |     ESP_LOGI(TAG, "Enable and start timer");
      |     ^~~~~~~~
/home/isaias/esp-tflite-micro/dog detection/main/main_functions.cc:134:40: error: 'timer' was not declared in this scope; did you mean 'time'?
  134 |     ESP_ERROR_CHECK(mcpwm_timer_enable(timer));
      |                                        ^~~~~
/home/isaias/esp/idf/esp-idf/components/esp_common/include/esp_err.h:116:30: note: in definition of macro 'ESP_ERROR_CHECK'
  116 |         esp_err_t err_rc_ = (x);                                        \
      |                              ^
/home/isaias/esp-tflite-micro/dog detection/main/main_functions.cc:134:21: error: 'mcpwm_timer_enable' was not declared in this scope
  134 |     ESP_ERROR_CHECK(mcpwm_timer_enable(timer));
      |                     ^~~~~~~~~~~~~~~~~~
/home/isaias/esp/idf/esp-idf/components/esp_common/include/esp_err.h:116:30: note: in definition of macro 'ESP_ERROR_CHECK'
  116 |         esp_err_t err_rc_ = (x);                                        \
      |                              ^
/home/isaias/esp-tflite-micro/dog detection/main/main_functions.cc:135:44: error: 'timer' was not declared in this scope; did you mean 'time'?
  135 |     ESP_ERROR_CHECK(mcpwm_timer_start_stop(timer, MCPWM_TIMER_START_NO_STOP));
      |                                            ^~~~~
/home/isaias/esp/idf/esp-idf/components/esp_common/include/esp_err.h:116:30: note: in definition of macro 'ESP_ERROR_CHECK'
  116 |         esp_err_t err_rc_ = (x);                                        \
      |                              ^
/home/isaias/esp-tflite-micro/dog detection/main/main_functions.cc:135:51: error: 'MCPWM_TIMER_START_NO_STOP' was not declared in this scope
  135 |     ESP_ERROR_CHECK(mcpwm_timer_start_stop(timer, MCPWM_TIMER_START_NO_STOP));
      |                                                   ^~~~~~~~~~~~~~~~~~~~~~~~~
/home/isaias/esp/idf/esp-idf/components/esp_common/include/esp_err.h:116:30: note: in definition of macro 'ESP_ERROR_CHECK'
  116 |         esp_err_t err_rc_ = (x);                                        \
      |                              ^
/home/isaias/esp-tflite-micro/dog detection/main/main_functions.cc:135:21: error: 'mcpwm_timer_start_stop' was not declared in this scope; did you mean 'esp_timer_start_once'?
  135 |     ESP_ERROR_CHECK(mcpwm_timer_start_stop(timer, MCPWM_TIMER_START_NO_STOP));
      |                     ^~~~~~~~~~~~~~~~~~~~~~
/home/isaias/esp/idf/esp-idf/components/esp_common/include/esp_err.h:116:30: note: in definition of macro 'ESP_ERROR_CHECK'
  116 |         esp_err_t err_rc_ = (x);                                        \
      |                              ^
ninja: build stopped: subcommand failed.
